2024-04-30T10:44:27.514Z - Server started on port 8088
2024-04-30T10:44:27.517Z - Listening on port 5711
2024-04-30T10:44:27.562Z - MongoDB Connected : 192.168.89.50
-----------------------------
2024-04-30T10:44:28.476Z - GPS with provided IMEI exists, forwarding to Laravel
2024-04-30T10:44:29.230Z - Data sent to Laravel
2024-04-30T10:44:45.274Z - Cannot read properties of undefined (reading 'status')
2024-04-30T10:44:45.280Z - Cannot read properties of undefined (reading 'status')
2024-04-30T10:44:45.283Z - Cannot read properties of undefined (reading 'status')
2024-04-30T10:44:45.286Z - Cannot read properties of undefined (reading 'status')
2024-04-30T10:44:45.289Z - Cannot read properties of undefined (reading 'status')
2024-04-30T10:44:45.292Z - Cannot read properties of undefined (reading 'status')
2024-04-30T10:44:45.295Z - Cannot read properties of undefined (reading 'status')
2024-04-30T10:44:45.298Z - Cannot read properties of undefined (reading 'status')
2024-04-30T10:44:55.822Z - GPS with provided IMEI exists, forwarding to Laravel
2024-04-30T10:44:55.846Z - Data sent to Laravel
2024-04-30T10:44:56.422Z - GPS with provided IMEI exists, forwarding to Laravel
2024-04-30T10:44:56.448Z - Data sent to Laravel
2024-04-30T10:46:39.982Z - GPS with provided IMEI exists, forwarding to Laravel
2024-04-30T10:46:39.992Z - Data sent to Laravel
2024-04-30T10:48:52.081Z - GPS with provided IMEI exists, forwarding to Laravel
2024-04-30T10:48:52.098Z - Data sent to Laravel
2024-04-30T10:56:49.919Z - Cannot read properties of undefined (reading 'protocol')
2024-04-30T11:02:42.150Z - Cannot read properties of undefined (reading 'protocol')
2024-04-30T11:02:57.275Z - Cannot read properties of undefined (reading 'protocol')
2024-04-30T11:02:58.837Z - Details for fmc150 registered to database
2024-04-30T11:05:02.676Z - Cannot read properties of undefined (reading 'protocol')
2024-04-30T11:06:21.271Z - Details for E-mak registered to database
2024-04-30T11:06:21.275Z - E11000 duplicate key error collection: test.traccargpsdatas index: name_1 dup key: { name: "E-mak" }
2024-04-30T11:06:21.278Z - E11000 duplicate key error collection: test.traccargpsdatas index: name_1 dup key: { name: "E-mak" }
2024-04-30T11:06:21.280Z - E11000 duplicate key error collection: test.traccargpsdatas index: name_1 dup key: { name: "E-mak" }
2024-04-30T11:06:21.284Z - E11000 duplicate key error collection: test.traccargpsdatas index: name_1 dup key: { name: "E-mak" }
2024-04-30T11:06:21.290Z - GPS with provided IMEI exists, forwarding to Laravel
2024-04-30T11:06:21.294Z - GPS with provided IMEI exists, forwarding to Laravel
2024-04-30T11:06:21.304Z - Data sent to Laravel
2024-04-30T11:06:21.359Z - Data sent to Laravel
2024-04-30T11:09:52.229Z - GPS with provided IMEI exists, forwarding to Laravel
2024-04-30T11:09:52.237Z - Data sent to Laravel
2024-04-30T11:11:03.393Z - GPS with provided IMEI exists, forwarding to Laravel
2024-04-30T11:11:03.404Z - Data sent to Laravel
2024-04-30T11:12:21.947Z - GPS with provided IMEI exists, forwarding to Laravel
2024-04-30T11:12:21.955Z - GPS with provided IMEI exists, forwarding to Laravel
2024-04-30T11:12:21.959Z - GPS with provided IMEI exists, forwarding to Laravel
2024-04-30T11:12:21.983Z - GPS with provided IMEI exists, forwarding to Laravel
2024-04-30T11:12:21.987Z - GPS with provided IMEI exists, forwarding to Laravel
2024-04-30T11:12:21.998Z - GPS with provided IMEI exists, forwarding to Laravel
2024-04-30T11:12:22.004Z - GPS with provided IMEI exists, forwarding to Laravel
2024-04-30T11:12:22.030Z - GPS with provided IMEI exists, forwarding to Laravel
2024-04-30T11:12:22.034Z - GPS with provided IMEI exists, forwarding to Laravel
2024-04-30T11:12:22.042Z - Data sent to Laravel
2024-04-30T11:12:22.046Z - Data sent to Laravel
2024-04-30T11:12:22.069Z - Data sent to Laravel
2024-04-30T11:12:22.130Z - Data sent to Laravel
2024-04-30T11:12:22.133Z - Data sent to Laravel
2024-04-30T11:12:22.135Z - Data sent to Laravel
2024-04-30T11:12:22.204Z - Data sent to Laravel
2024-04-30T11:12:22.206Z - Data sent to Laravel
2024-04-30T11:12:22.208Z - Data sent to Laravel
2024-04-30T11:15:51.662Z - GPS with provided IMEI exists, forwarding to Laravel
2024-04-30T11:15:51.671Z - Data sent to Laravel
2024-04-30T11:16:52.108Z - GPS with provided IMEI exists, forwarding to Laravel
2024-04-30T11:16:52.117Z - Data sent to Laravel
2024-04-30T11:19:27.114Z - GPS with provided IMEI exists, forwarding to Laravel
2024-04-30T11:19:27.122Z - GPS with provided IMEI exists, forwarding to Laravel
2024-04-30T11:19:27.125Z - GPS with provided IMEI exists, forwarding to Laravel
2024-04-30T11:19:27.128Z - GPS with provided IMEI exists, forwarding to Laravel
2024-04-30T11:19:27.140Z - GPS with provided IMEI exists, forwarding to Laravel
2024-04-30T11:19:27.147Z - GPS with provided IMEI exists, forwarding to Laravel
2024-04-30T11:19:27.151Z - GPS with provided IMEI exists, forwarding to Laravel
2024-04-30T11:19:27.154Z - GPS with provided IMEI exists, forwarding to Laravel
2024-04-30T11:19:27.157Z - GPS with provided IMEI exists, forwarding to Laravel
2024-04-30T11:19:27.160Z - GPS with provided IMEI exists, forwarding to Laravel
2024-04-30T11:19:27.240Z - Data sent to Laravel
2024-04-30T11:19:27.242Z - Data sent to Laravel
2024-04-30T11:19:27.273Z - Data sent to Laravel
2024-04-30T11:19:27.274Z - Data sent to Laravel
2024-04-30T11:19:27.276Z - Data sent to Laravel
2024-04-30T11:19:27.277Z - Data sent to Laravel
2024-04-30T11:19:27.278Z - Data sent to Laravel
2024-04-30T11:19:27.279Z - Data sent to Laravel
2024-04-30T11:19:27.280Z - Data sent to Laravel
2024-04-30T11:19:27.281Z - Data sent to Laravel
2024-04-30T11:20:43.576Z - GPS with provided IMEI exists, forwarding to Laravel
2024-04-30T11:20:43.588Z - Data sent to Laravel
2024-04-30T11:23:05.483Z - GPS with provided IMEI exists, forwarding to Laravel
2024-04-30T11:23:05.494Z - Data sent to Laravel
2024-04-30T11:26:44.160Z - GPS with provided IMEI exists, forwarding to Laravel
2024-04-30T11:26:44.173Z - Data sent to Laravel
2024-04-30T11:33:54.190Z - GPS with provided IMEI exists, forwarding to Laravel
2024-04-30T11:33:54.198Z - Data sent to Laravel
2024-04-30T11:35:05.853Z - GPS with provided IMEI exists, forwarding to Laravel
2024-04-30T11:35:05.864Z - Data sent to Laravel
2024-04-30T11:41:54.606Z - GPS with provided IMEI exists, forwarding to Laravel
2024-04-30T11:41:54.614Z - Data sent to Laravel
2024-04-30T11:43:06.106Z - GPS with provided IMEI exists, forwarding to Laravel
2024-04-30T11:43:06.116Z - Data sent to Laravel
2024-04-30T11:48:55.292Z - GPS with provided IMEI exists, forwarding to Laravel
2024-04-30T11:48:55.301Z - Data sent to Laravel
2024-04-30T11:51:07.322Z - GPS with provided IMEI exists, forwarding to Laravel
2024-04-30T11:51:07.331Z - Data sent to Laravel
2024-04-30T11:57:07.589Z - GPS with provided IMEI exists, forwarding to Laravel
2024-04-30T11:57:07.599Z - Data sent to Laravel
2024-04-30T12:00:47.350Z - GPS with provided IMEI exists, forwarding to Laravel
2024-04-30T12:00:47.359Z - Data sent to Laravel
2024-04-30T12:02:56.993Z - GPS with provided IMEI exists, forwarding to Laravel
2024-04-30T12:02:57.004Z - Data sent to Laravel
2024-04-30T12:03:03.636Z - GPS with provided IMEI exists, forwarding to Laravel
2024-04-30T12:03:03.642Z - Data sent to Laravel
2024-04-30T12:03:04.278Z - GPS with provided IMEI exists, forwarding to Laravel
2024-04-30T12:03:04.282Z - Data sent to Laravel
2024-04-30T12:06:28.260Z - GPS with provided IMEI exists, forwarding to Laravel
2024-04-30T12:06:28.267Z - GPS with provided IMEI exists, forwarding to Laravel
2024-04-30T12:06:28.270Z - GPS with provided IMEI exists, forwarding to Laravel
2024-04-30T12:06:28.272Z - GPS with provided IMEI exists, forwarding to Laravel
2024-04-30T12:06:28.284Z - GPS with provided IMEI exists, forwarding to Laravel
2024-04-30T12:06:28.344Z - GPS with provided IMEI exists, forwarding to Laravel
2024-04-30T12:06:28.349Z - GPS with provided IMEI exists, forwarding to Laravel
2024-04-30T12:06:28.354Z - GPS with provided IMEI exists, forwarding to Laravel
2024-04-30T12:06:28.358Z - GPS with provided IMEI exists, forwarding to Laravel
2024-04-30T12:06:28.364Z - Data sent to Laravel
2024-04-30T12:06:28.366Z - Data sent to Laravel
2024-04-30T12:06:28.368Z - Data sent to Laravel
2024-04-30T12:06:28.451Z - Data sent to Laravel
2024-04-30T12:06:28.466Z - Data sent to Laravel
2024-04-30T12:06:28.468Z - Data sent to Laravel
2024-04-30T12:06:28.477Z - Data sent to Laravel
2024-04-30T12:06:28.479Z - Data sent to Laravel
2024-04-30T12:06:28.480Z - Data sent to Laravel
2024-04-30T12:07:01.417Z - Server started on port 8088
2024-04-30T12:07:01.419Z - Listening on port 5711
2024-04-30T12:07:01.493Z - MongoDB Connected : 192.168.89.50
-----------------------------
2024-04-30T12:07:04.746Z - GPS with provided IMEI exists, forwarding to Laravel
2024-04-30T12:07:04.966Z - Data sent to Laravel
2024-04-30T12:07:05.274Z - GPS with provided IMEI exists, forwarding to Laravel
2024-04-30T12:07:05.285Z - Data sent to Laravel
2024-04-30T12:08:48.659Z - GPS with provided IMEI exists, forwarding to Laravel
2024-04-30T12:08:48.673Z - Data sent to Laravel
2024-04-30T12:09:01.048Z - Server started on port 8088
2024-04-30T12:09:01.075Z - Listening on port 5711
2024-04-30T12:09:01.192Z - MongoDB Connected : 192.168.89.50
-----------------------------
2024-04-30T12:09:43.118Z - Server started on port 8088
2024-04-30T12:09:43.121Z - Listening on port 5711
2024-04-30T12:09:43.179Z - MongoDB Connected : 192.168.89.50
-----------------------------
2024-04-30T12:10:13.933Z - Server started on port 8088
2024-04-30T12:10:13.940Z - Listening on port 5711
2024-04-30T12:10:14.015Z - MongoDB Connected : 192.168.89.50
-----------------------------
2024-04-30T12:11:09.826Z - GPS with provided IMEI exists, forwarding to Laravel
2024-04-30T12:11:10.045Z - Data sent to Laravel
2024-04-30T12:13:04.575Z - GPS with provided IMEI exists, forwarding to Laravel
2024-04-30T12:13:04.590Z - Data sent to Laravel
2024-04-30T12:13:05.191Z - GPS with provided IMEI exists, forwarding to Laravel
2024-04-30T12:13:05.198Z - Data sent to Laravel
2024-04-30T12:16:49.642Z - GPS with provided IMEI exists, forwarding to Laravel
2024-04-30T12:16:49.651Z - Data sent to Laravel
2024-04-30T12:18:52.476Z - GPS with provided IMEI exists, forwarding to Laravel
2024-04-30T12:18:52.487Z - Data sent to Laravel
2024-04-30T12:19:08.750Z - GPS with provided IMEI exists, forwarding to Laravel
2024-04-30T12:19:08.759Z - Data sent to Laravel
2024-04-30T12:19:09.422Z - GPS with provided IMEI exists, forwarding to Laravel
2024-04-30T12:19:09.431Z - Data sent to Laravel
2024-04-30T12:24:51.497Z - GPS with provided IMEI exists, forwarding to Laravel
2024-04-30T12:24:51.513Z - Data sent to Laravel
2024-04-30T12:25:56.118Z - Server started on port 8088
2024-04-30T12:25:56.120Z - Listening on port 5711
2024-04-30T12:25:56.173Z - MongoDB Connected : 192.168.89.50
-----------------------------
2024-04-30T12:32:59.665Z - GPS with provided IMEI exists, forwarding to Laravel
2024-04-30T12:32:59.970Z - Data sent to Laravel
2024-04-30T12:35:17.497Z - ReferenceError: geoId is not defined
    at file:///C:/Users/sysadmin/Desktop/proj/gps/src/services/geofence.js:9:40
    at asyncUtilWrap (C:\Users\sysadmin\Desktop\proj\gps\node_modules\express-async-handler\index.js:3:20)
    at Layer.handle [as handle_request] (C:\Users\sysadmin\Desktop\proj\gps\node_modules\express\lib\router\layer.js:95:5)
    at next (C:\Users\sysadmin\Desktop\proj\gps\node_modules\express\lib\router\route.js:144:13)
    at file:///C:/Users/sysadmin/Desktop/proj/gps/src/middleware/authMiddleware.js:12:13
    at asyncUtilWrap (C:\Users\sysadmin\Desktop\proj\gps\node_modules\express-async-handler\index.js:3:20)
    at Layer.handle [as handle_request] (C:\Users\sysadmin\Desktop\proj\gps\node_modules\express\lib\router\layer.js:95:5)
    at next (C:\Users\sysadmin\Desktop\proj\gps\node_modules\express\lib\router\route.js:144:13)
    at Route.dispatch (C:\Users\sysadmin\Desktop\proj\gps\node_modules\express\lib\router\route.js:114:3)
    at Layer.handle [as handle_request] (C:\Users\sysadmin\Desktop\proj\gps\node_modules\express\lib\router\layer.js:95:5)
2024-04-30T12:36:31.505Z - Server started on port 8088
2024-04-30T12:36:31.507Z - Listening on port 5711
2024-04-30T12:36:31.564Z - MongoDB Connected : 192.168.89.50
-----------------------------
2024-04-30T12:38:52.205Z - GPS with provided IMEI exists, forwarding to Laravel
2024-04-30T12:38:52.271Z - Data sent to Laravel
2024-04-30T12:43:08.299Z - GPS with provided IMEI exists, forwarding to Laravel
2024-04-30T12:43:08.312Z - Data sent to Laravel
2024-04-30T12:43:08.911Z - GPS with provided IMEI exists, forwarding to Laravel
2024-04-30T12:43:08.918Z - Data sent to Laravel
2024-04-30T12:46:52.164Z - GPS with provided IMEI exists, forwarding to Laravel
2024-04-30T12:46:52.176Z - Data sent to Laravel
2024-04-30T12:49:08.874Z - GPS with provided IMEI exists, forwarding to Laravel
2024-04-30T12:49:08.886Z - Data sent to Laravel
2024-04-30T12:49:09.468Z - GPS with provided IMEI exists, forwarding to Laravel
2024-04-30T12:49:09.477Z - Data sent to Laravel
2024-04-30T12:50:46.224Z - GPS with provided IMEI exists, forwarding to Laravel
2024-04-30T12:50:46.240Z - Data sent to Laravel
2024-04-30T12:53:13.772Z - GPS with provided IMEI exists, forwarding to Laravel
2024-04-30T12:53:13.785Z - Data sent to Laravel
2024-04-30T12:55:09.622Z - GPS with provided IMEI exists, forwarding to Laravel
2024-04-30T12:55:09.634Z - Data sent to Laravel
2024-04-30T12:55:10.267Z - GPS with provided IMEI exists, forwarding to Laravel
2024-04-30T12:55:10.274Z - Data sent to Laravel
2024-04-30T12:56:53.558Z - GPS with provided IMEI exists, forwarding to Laravel
2024-04-30T12:56:53.568Z - Data sent to Laravel
2024-04-30T12:59:02.378Z - GPS with provided IMEI exists, forwarding to Laravel
2024-04-30T12:59:02.391Z - Data sent to Laravel
2024-04-30T13:01:10.698Z - GPS with provided IMEI exists, forwarding to Laravel
2024-04-30T13:01:10.709Z - Data sent to Laravel
2024-04-30T13:01:11.285Z - GPS with provided IMEI exists, forwarding to Laravel
2024-04-30T13:01:11.294Z - Data sent to Laravel
2024-04-30T13:07:10.910Z - GPS with provided IMEI exists, forwarding to Laravel
2024-04-30T13:07:10.951Z - Data sent to Laravel
2024-04-30T13:07:11.533Z - GPS with provided IMEI exists, forwarding to Laravel
2024-04-30T13:07:11.572Z - Data sent to Laravel
2024-04-30T13:13:11.391Z - GPS with provided IMEI exists, forwarding to Laravel
2024-04-30T13:13:11.410Z - Data sent to Laravel
2024-04-30T13:13:12.000Z - GPS with provided IMEI exists, forwarding to Laravel
2024-04-30T13:13:12.006Z - Data sent to Laravel
2024-04-30T13:21:11.739Z - GPS with provided IMEI exists, forwarding to Laravel
2024-04-30T13:21:11.753Z - Data sent to Laravel
2024-04-30T13:21:12.340Z - GPS with provided IMEI exists, forwarding to Laravel
2024-04-30T13:21:12.345Z - Data sent to Laravel
2024-04-30T13:37:14.637Z - GPS with provided IMEI exists, forwarding to Laravel
2024-04-30T13:37:14.649Z - Data sent to Laravel
2024-04-30T13:37:15.269Z - GPS with provided IMEI exists, forwarding to Laravel
2024-04-30T13:37:15.274Z - Data sent to Laravel
2024-04-30T13:38:51.443Z - Server started on port 8088
2024-04-30T13:38:51.445Z - Listening on port 5711
2024-04-30T13:38:51.488Z - MongoDB Connected : 192.168.89.50
-----------------------------
2024-04-30T13:41:18.458Z - GPS with provided IMEI exists, forwarding to Laravel
2024-04-30T13:41:18.630Z - Data sent to Laravel
2024-04-30T13:44:46.316Z - Server started on port 8088
2024-04-30T13:44:46.319Z - Listening on port 5711
2024-04-30T13:44:46.409Z - MongoDB Connected : 192.168.89.50
-----------------------------
2024-04-30T13:46:17.789Z - Server started on port 8088
2024-04-30T13:46:17.791Z - Listening on port 5711
2024-04-30T13:46:17.863Z - MongoDB Connected : 192.168.89.50
-----------------------------
2024-04-30T13:46:22.992Z - Server started on port 8088
2024-04-30T13:46:22.996Z - Listening on port 5711
2024-04-30T13:46:23.056Z - MongoDB Connected : 192.168.89.50
-----------------------------
2024-04-30T13:48:27.156Z - Server started on port 8088
2024-04-30T13:48:27.158Z - Listening on port 5711
2024-04-30T13:48:27.218Z - MongoDB Connected : 192.168.89.50
-----------------------------
2024-04-30T13:49:15.255Z - GPS with provided IMEI exists, forwarding to Laravel
2024-04-30T13:49:15.340Z - Data sent to Laravel
2024-04-30T13:49:15.861Z - GPS with provided IMEI exists, forwarding to Laravel
2024-04-30T13:49:15.868Z - Data sent to Laravel
2024-04-30T13:49:16.520Z - GPS with provided IMEI exists, forwarding to Laravel
2024-04-30T13:49:16.527Z - Data sent to Laravel
2024-04-30T13:51:45.669Z - Server started on port 8088
2024-04-30T13:51:45.671Z - Listening on port 5711
2024-04-30T13:51:45.748Z - MongoDB Connected : 192.168.89.50
-----------------------------
2024-04-30T13:59:17.610Z - GPS with provided IMEI exists, forwarding to Laravel
2024-04-30T13:59:17.675Z - Data sent to Laravel
2024-04-30T14:01:26.500Z - GPS with provided IMEI exists, forwarding to Laravel
2024-04-30T14:01:26.512Z - Data sent to Laravel
2024-04-30T14:05:16.919Z - GPS with provided IMEI exists, forwarding to Laravel
2024-04-30T14:05:16.931Z - Data sent to Laravel
2024-04-30T14:05:18.765Z - GPS with provided IMEI exists, forwarding to Laravel
2024-04-30T14:05:18.778Z - Data sent to Laravel
2024-04-30T14:12:57.961Z - GPS with provided IMEI exists, forwarding to Laravel
2024-04-30T14:12:57.969Z - GPS with provided IMEI exists, forwarding to Laravel
2024-04-30T14:12:57.973Z - GPS with provided IMEI exists, forwarding to Laravel
2024-04-30T14:12:57.989Z - GPS with provided IMEI exists, forwarding to Laravel
2024-04-30T14:12:57.995Z - GPS with provided IMEI exists, forwarding to Laravel
2024-04-30T14:12:57.998Z - GPS with provided IMEI exists, forwarding to Laravel
2024-04-30T14:12:58.003Z - GPS with provided IMEI exists, forwarding to Laravel
2024-04-30T14:12:58.010Z - GPS with provided IMEI exists, forwarding to Laravel
2024-04-30T14:12:58.032Z - Data sent to Laravel
2024-04-30T14:12:58.048Z - Data sent to Laravel
2024-04-30T14:12:58.049Z - Data sent to Laravel
2024-04-30T14:12:58.050Z - Data sent to Laravel
2024-04-30T14:12:58.068Z - Data sent to Laravel
2024-04-30T14:12:58.076Z - Data sent to Laravel
2024-04-30T14:12:58.155Z - Data sent to Laravel
2024-04-30T14:12:58.156Z - Data sent to Laravel
2024-04-30T14:13:18.234Z - GPS with provided IMEI exists, forwarding to Laravel
2024-04-30T14:13:18.241Z - Data sent to Laravel
2024-04-30T14:13:18.895Z - GPS with provided IMEI exists, forwarding to Laravel
2024-04-30T14:13:18.899Z - GPS with provided IMEI exists, forwarding to Laravel
2024-04-30T14:13:18.904Z - Data sent to Laravel
2024-04-30T14:13:18.932Z - Data sent to Laravel
2024-04-30T14:13:44.800Z - GPS with provided IMEI exists, forwarding to Laravel
2024-04-30T14:13:44.807Z - Data sent to Laravel
2024-04-30T14:15:19.351Z - GPS with provided IMEI exists, forwarding to Laravel
2024-04-30T14:15:19.362Z - Data sent to Laravel
2024-04-30T14:19:18.524Z - GPS with provided IMEI exists, forwarding to Laravel
2024-04-30T14:19:18.533Z - Data sent to Laravel
2024-04-30T14:19:19.145Z - GPS with provided IMEI exists, forwarding to Laravel
2024-04-30T14:19:19.151Z - Data sent to Laravel
2024-04-30T14:29:19.173Z - GPS with provided IMEI exists, forwarding to Laravel
2024-04-30T14:29:19.184Z - Data sent to Laravel
2024-04-30T14:29:19.768Z - GPS with provided IMEI exists, forwarding to Laravel
2024-04-30T14:29:19.773Z - Data sent to Laravel
2024-04-30T14:33:21.419Z - GPS with provided IMEI exists, forwarding to Laravel
2024-04-30T14:33:21.430Z - Data sent to Laravel
2024-04-30T14:36:44.724Z - Server started on port 8088
2024-04-30T14:36:44.727Z - Listening on port 5711
2024-04-30T14:36:44.780Z - MongoDB Connected : 192.168.89.50
-----------------------------
2024-04-30T14:47:31.644Z - GPS with provided IMEI exists, forwarding to Laravel
2024-04-30T14:47:31.810Z - Data sent to Laravel
2024-04-30T14:55:27.901Z - GPS with provided IMEI exists, forwarding to Laravel
2024-04-30T14:55:27.914Z - Data sent to Laravel
2024-04-30T14:55:28.559Z - GPS with provided IMEI exists, forwarding to Laravel
2024-04-30T14:55:28.565Z - Data sent to Laravel
2024-04-30T14:55:32.889Z - GPS with provided IMEI exists, forwarding to Laravel
2024-04-30T14:55:32.896Z - Data sent to Laravel
2024-04-30T14:56:51.024Z - GPS with provided IMEI exists, forwarding to Laravel
2024-04-30T14:56:51.035Z - GPS with provided IMEI exists, forwarding to Laravel
2024-04-30T14:56:51.042Z - GPS with provided IMEI exists, forwarding to Laravel
2024-04-30T14:56:51.047Z - GPS with provided IMEI exists, forwarding to Laravel
2024-04-30T14:56:51.082Z - GPS with provided IMEI exists, forwarding to Laravel
2024-04-30T14:56:51.088Z - GPS with provided IMEI exists, forwarding to Laravel
2024-04-30T14:56:51.096Z - GPS with provided IMEI exists, forwarding to Laravel
2024-04-30T14:56:51.132Z - Data sent to Laravel
2024-04-30T14:56:51.134Z - Data sent to Laravel
2024-04-30T14:56:51.141Z - GPS with provided IMEI exists, forwarding to Laravel
2024-04-30T14:56:51.152Z - Data sent to Laravel
2024-04-30T14:56:51.153Z - Data sent to Laravel
2024-04-30T14:56:51.157Z - Data sent to Laravel
2024-04-30T14:56:51.159Z - Data sent to Laravel
2024-04-30T14:56:51.160Z - Data sent to Laravel
2024-04-30T14:56:51.162Z - Data sent to Laravel
2024-04-30T15:00:33.521Z - GPS with provided IMEI exists, forwarding to Laravel
2024-04-30T15:00:33.531Z - Data sent to Laravel
2024-04-30T15:02:57.112Z - GPS with provided IMEI exists, forwarding to Laravel
2024-04-30T15:02:57.121Z - Data sent to Laravel
2024-04-30T15:05:22.675Z - GPS with provided IMEI exists, forwarding to Laravel
2024-04-30T15:05:22.687Z - Data sent to Laravel
2024-04-30T15:05:23.263Z - GPS with provided IMEI exists, forwarding to Laravel
2024-04-30T15:05:23.270Z - Data sent to Laravel
2024-04-30T15:05:24.904Z - GPS with provided IMEI exists, forwarding to Laravel
2024-04-30T15:05:24.985Z - Data sent to Laravel
2024-04-30T15:07:45.954Z - GPS with provided IMEI exists, forwarding to Laravel
2024-04-30T15:07:45.965Z - Data sent to Laravel
2024-04-30T15:13:25.399Z - GPS with provided IMEI exists, forwarding to Laravel
2024-04-30T15:13:25.410Z - Data sent to Laravel
2024-04-30T15:15:26.238Z - GPS with provided IMEI exists, forwarding to Laravel
2024-04-30T15:15:26.276Z - Data sent to Laravel
2024-04-30T15:21:17.170Z - GPS with provided IMEI exists, forwarding to Laravel
2024-04-30T15:21:17.181Z - Data sent to Laravel
2024-04-30T15:23:26.472Z - GPS with provided IMEI exists, forwarding to Laravel
2024-04-30T15:23:26.485Z - Data sent to Laravel
2024-04-30T15:32:37.260Z - GPS with provided IMEI exists, forwarding to Laravel
2024-04-30T15:32:37.267Z - GPS with provided IMEI exists, forwarding to Laravel
2024-04-30T15:32:37.270Z - GPS with provided IMEI exists, forwarding to Laravel
2024-04-30T15:32:37.273Z - GPS with provided IMEI exists, forwarding to Laravel
2024-04-30T15:32:37.284Z - GPS with provided IMEI exists, forwarding to Laravel
2024-04-30T15:32:37.289Z - GPS with provided IMEI exists, forwarding to Laravel
2024-04-30T15:32:37.294Z - GPS with provided IMEI exists, forwarding to Laravel
2024-04-30T15:32:37.305Z - Data sent to Laravel
2024-04-30T15:32:37.307Z - Data sent to Laravel
2024-04-30T15:32:37.308Z - Data sent to Laravel
2024-04-30T15:32:37.313Z - Data sent to Laravel
2024-04-30T15:32:37.315Z - Data sent to Laravel
2024-04-30T15:32:37.316Z - Data sent to Laravel
2024-04-30T15:32:37.318Z - Data sent to Laravel
2024-04-30T15:33:48.794Z - GPS with provided IMEI exists, forwarding to Laravel
2024-04-30T15:33:48.804Z - Data sent to Laravel
2024-04-30T15:36:14.420Z - GPS with provided IMEI exists, forwarding to Laravel
2024-04-30T15:36:14.426Z - GPS with provided IMEI exists, forwarding to Laravel
2024-04-30T15:36:14.429Z - GPS with provided IMEI exists, forwarding to Laravel
2024-04-30T15:36:14.432Z - GPS with provided IMEI exists, forwarding to Laravel
2024-04-30T15:36:14.438Z - GPS with provided IMEI exists, forwarding to Laravel
2024-04-30T15:36:14.445Z - GPS with provided IMEI exists, forwarding to Laravel
2024-04-30T15:36:14.450Z - GPS with provided IMEI exists, forwarding to Laravel
2024-04-30T15:36:14.454Z - Data sent to Laravel
2024-04-30T15:36:14.456Z - Data sent to Laravel
2024-04-30T15:36:14.457Z - Data sent to Laravel
2024-04-30T15:36:14.466Z - GPS with provided IMEI exists, forwarding to Laravel
2024-04-30T15:36:14.470Z - GPS with provided IMEI exists, forwarding to Laravel
2024-04-30T15:36:14.481Z - GPS with provided IMEI exists, forwarding to Laravel
2024-04-30T15:36:14.485Z - Data sent to Laravel
2024-04-30T15:36:14.506Z - Data sent to Laravel
2024-04-30T15:36:14.509Z - Data sent to Laravel
2024-04-30T15:36:14.511Z - Data sent to Laravel
2024-04-30T15:36:14.512Z - Data sent to Laravel
2024-04-30T15:36:14.513Z - Data sent to Laravel
2024-04-30T15:36:14.515Z - Data sent to Laravel
2024-04-30T15:37:28.603Z - GPS with provided IMEI exists, forwarding to Laravel
2024-04-30T15:37:28.614Z - Data sent to Laravel
2024-04-30T15:39:26.732Z - GPS with provided IMEI exists, forwarding to Laravel
2024-04-30T15:39:26.744Z - Data sent to Laravel
2024-04-30T15:39:27.324Z - GPS with provided IMEI exists, forwarding to Laravel
2024-04-30T15:39:27.362Z - Data sent to Laravel
2024-04-30T15:40:33.594Z - Server started on port 8088
2024-04-30T15:40:33.597Z - Listening on port 5711
2024-04-30T15:40:33.643Z - MongoDB Connected : 192.168.89.50
-----------------------------
2024-04-30T15:42:25.209Z - Server started on port 8088
2024-04-30T15:42:25.210Z - Listening on port 5711
2024-04-30T15:42:25.269Z - MongoDB Connected : 192.168.89.50
-----------------------------
2024-04-30T15:42:58.765Z - Server started on port 8088
2024-04-30T15:42:58.767Z - Listening on port 5711
2024-04-30T15:42:58.849Z - MongoDB Connected : 192.168.89.50
-----------------------------
2024-04-30T15:45:27.200Z - GPS with provided IMEI exists, forwarding to Laravel
2024-04-30T15:45:27.431Z - Data sent to Laravel
2024-04-30T15:45:27.866Z - GPS with provided IMEI exists, forwarding to Laravel
2024-04-30T15:45:27.875Z - Data sent to Laravel
2024-04-30T15:46:38.497Z - Server started on port 8088
2024-04-30T15:46:38.501Z - Listening on port 5711
2024-04-30T15:46:38.566Z - MongoDB Connected : 192.168.89.50
-----------------------------
2024-04-30T15:49:00.887Z - Server started on port 8088
2024-04-30T15:49:01.075Z - Listening on port 5711
2024-04-30T15:49:01.211Z - MongoDB Connected : 192.168.89.50
-----------------------------
2024-04-30T15:49:27.932Z - GPS with provided IMEI exists, forwarding to Laravel
2024-04-30T15:49:27.992Z - Data sent to Laravel
2024-04-30T15:49:28.592Z - GPS with provided IMEI exists, forwarding to Laravel
2024-04-30T15:49:28.599Z - Data sent to Laravel
2024-04-30T15:50:06.252Z - Server started on port 8088
2024-04-30T15:50:06.292Z - Listening on port 5711
2024-04-30T15:50:06.418Z - MongoDB Connected : 192.168.89.50
-----------------------------
2024-04-30T15:51:05.827Z - Server started on port 8088
2024-04-30T15:51:05.834Z - Listening on port 5711
2024-04-30T15:51:05.905Z - MongoDB Connected : 192.168.89.50
-----------------------------
2024-04-30T15:51:34.647Z - Server started on port 8088
2024-04-30T15:51:34.662Z - Listening on port 5711
2024-04-30T15:51:34.732Z - MongoDB Connected : 192.168.89.50
-----------------------------
2024-04-30T15:53:38.697Z - GPS with provided IMEI exists, forwarding to Laravel
2024-04-30T15:53:38.750Z - Data sent to Laravel
2024-04-30T15:54:05.079Z - Server started on port 8088
2024-04-30T15:54:05.081Z - Listening on port 5711
2024-04-30T15:54:05.148Z - MongoDB Connected : 192.168.89.50
-----------------------------
2024-04-30T15:54:17.180Z - Server started on port 8088
2024-04-30T15:54:17.216Z - Listening on port 5711
2024-04-30T15:54:17.328Z - MongoDB Connected : 192.168.89.50
-----------------------------
2024-04-30T15:55:51.185Z - GPS with provided IMEI exists, forwarding to Laravel
2024-04-30T15:55:51.257Z - Data sent to Laravel
2024-04-30T15:56:37.418Z - Server started on port 8088
2024-04-30T15:56:37.420Z - Listening on port 5711
2024-04-30T15:56:37.454Z - MongoDB Connected : 192.168.89.50
-----------------------------
2024-04-30T15:56:43.381Z - Server started on port 8088
2024-04-30T15:56:43.386Z - Listening on port 5711
2024-04-30T15:56:43.464Z - MongoDB Connected : 192.168.89.50
-----------------------------
2024-04-30T15:57:04.532Z - Server started on port 8088
2024-04-30T15:57:04.534Z - Listening on port 5711
2024-04-30T15:57:04.572Z - MongoDB Connected : 192.168.89.50
-----------------------------
2024-04-30T15:57:44.903Z - Server started on port 8088
2024-04-30T15:57:44.906Z - Listening on port 5711
2024-04-30T15:57:45.012Z - MongoDB Connected : 192.168.89.50
-----------------------------
2024-04-30T15:58:58.538Z - Server started on port 8088
2024-04-30T15:58:58.540Z - Listening on port 5711
2024-04-30T15:58:58.587Z - MongoDB Connected : 192.168.89.50
-----------------------------
2024-04-30T15:59:48.800Z - Server started on port 8088
2024-04-30T15:59:48.811Z - Listening on port 5711
2024-04-30T15:59:48.909Z - MongoDB Connected : 192.168.89.50
-----------------------------
2024-04-30T16:01:31.919Z - GPS with provided IMEI exists, forwarding to Laravel
2024-04-30T16:01:31.982Z - Data sent to Laravel
2024-04-30T16:01:32.500Z - GPS with provided IMEI exists, forwarding to Laravel
2024-04-30T16:01:32.507Z - Data sent to Laravel
2024-04-30T16:01:51.363Z - GPS with provided IMEI exists, forwarding to Laravel
2024-04-30T16:01:51.372Z - Data sent to Laravel
2024-04-30T16:03:52.614Z - Server started on port 8088
2024-04-30T16:03:52.617Z - Listening on port 5711
2024-04-30T16:03:52.676Z - MongoDB Connected : 192.168.89.50
-----------------------------
2024-04-30T16:04:11.249Z - Server started on port 8088
2024-04-30T16:04:11.255Z - Listening on port 5711
2024-04-30T16:04:11.357Z - MongoDB Connected : 192.168.89.50
-----------------------------
2024-04-30T16:04:55.822Z - Server started on port 8088
2024-04-30T16:04:55.825Z - Listening on port 5711
2024-04-30T16:04:55.890Z - MongoDB Connected : 192.168.89.50
-----------------------------
2024-04-30T16:05:00.912Z - Server started on port 8088
2024-04-30T16:05:00.919Z - Listening on port 5711
2024-04-30T16:05:01.078Z - MongoDB Connected : 192.168.89.50
-----------------------------
2024-04-30T16:05:10.840Z - GPS with provided IMEI exists, forwarding to Laravel
2024-04-30T16:05:10.890Z - GPS with provided IMEI exists, forwarding to Laravel
2024-04-30T16:05:10.897Z - GPS with provided IMEI exists, forwarding to Laravel
2024-04-30T16:05:10.906Z - GPS with provided IMEI exists, forwarding to Laravel
2024-04-30T16:05:10.913Z - GPS with provided IMEI exists, forwarding to Laravel
2024-04-30T16:05:10.921Z - GPS with provided IMEI exists, forwarding to Laravel
2024-04-30T16:05:10.928Z - GPS with provided IMEI exists, forwarding to Laravel
2024-04-30T16:05:10.948Z - GPS with provided IMEI exists, forwarding to Laravel
2024-04-30T16:05:10.954Z - GPS with provided IMEI exists, forwarding to Laravel
2024-04-30T16:05:10.971Z - Data sent to Laravel
2024-04-30T16:05:10.975Z - Data sent to Laravel
2024-04-30T16:05:10.977Z - Data sent to Laravel
2024-04-30T16:05:10.979Z - Data sent to Laravel
2024-04-30T16:05:10.987Z - Data sent to Laravel
2024-04-30T16:05:10.993Z - Data sent to Laravel
2024-04-30T16:05:10.996Z - Data sent to Laravel
2024-04-30T16:05:11.000Z - Data sent to Laravel
2024-04-30T16:05:11.001Z - Data sent to Laravel
2024-04-30T16:07:12.223Z - Server started on port 8088
2024-04-30T16:07:12.225Z - Listening on port 5711
2024-04-30T16:07:12.265Z - MongoDB Connected : 192.168.89.50
-----------------------------
2024-04-30T16:08:01.728Z - Server started on port 8088
2024-04-30T16:08:01.729Z - Listening on port 5711
2024-04-30T16:08:01.783Z - MongoDB Connected : 192.168.89.50
-----------------------------
2024-04-30T16:08:14.610Z - Server started on port 8088
2024-04-30T16:08:14.628Z - Listening on port 5711
2024-04-30T16:08:14.746Z - MongoDB Connected : 192.168.89.50
-----------------------------
2024-04-30T16:08:37.852Z - Server started on port 8088
2024-04-30T16:08:37.855Z - Listening on port 5711
2024-04-30T16:08:37.928Z - MongoDB Connected : 192.168.89.50
-----------------------------
2024-04-30T16:08:39.064Z - GPS with provided IMEI exists, forwarding to Laravel
2024-04-30T16:08:39.123Z - Data sent to Laravel
2024-04-30T16:10:22.774Z - Server started on port 8088
2024-04-30T16:10:22.776Z - Listening on port 5711
2024-04-30T16:10:22.805Z - MongoDB Connected : 192.168.89.50
-----------------------------
