2024-04-28T00:02:19.314Z - Cannot read properties of undefined (reading 'protocol')
2024-04-28T00:02:19.317Z - GPS with provided IMEI exists, forwarding to Laravel
2024-04-28T00:02:19.318Z - filtereddata is not defined
2024-04-28T00:05:55.924Z - Cannot read properties of undefined (reading 'protocol')
2024-04-28T00:05:55.930Z - GPS with provided IMEI exists, forwarding to Laravel
2024-04-28T00:05:55.930Z - filtereddata is not defined
2024-04-28T00:06:55.858Z - Cannot read properties of undefined (reading 'protocol')
2024-04-28T00:07:56.318Z - GPS with provided IMEI exists, forwarding to Laravel
2024-04-28T00:07:56.320Z - filtereddata is not defined
2024-04-28T00:09:08.505Z - Cannot read properties of undefined (reading 'protocol')
2024-04-28T00:10:26.898Z - Cannot read properties of undefined (reading 'type')
2024-04-28T00:10:26.904Z - Cannot read properties of undefined (reading 'type')
2024-04-28T00:10:26.912Z - GPS with provided IMEI exists, forwarding to Laravel
2024-04-28T00:10:26.913Z - filtereddata is not defined
2024-04-28T00:10:26.917Z - Cannot read properties of undefined (reading 'type')
2024-04-28T00:10:26.919Z - GPS with provided IMEI exists, forwarding to Laravel
2024-04-28T00:10:26.920Z - filtereddata is not defined
2024-04-28T00:10:26.921Z - Cannot read properties of undefined (reading 'type')
2024-04-28T00:10:26.923Z - GPS with provided IMEI exists, forwarding to Laravel
2024-04-28T00:10:26.923Z - filtereddata is not defined
2024-04-28T00:10:26.933Z - Cannot read properties of undefined (reading 'type')
2024-04-28T00:10:26.950Z - GPS with provided IMEI exists, forwarding to Laravel
2024-04-28T00:10:26.951Z - filtereddata is not defined
2024-04-28T00:10:26.960Z - GPS with provided IMEI exists, forwarding to Laravel
2024-04-28T00:10:26.961Z - filtereddata is not defined
2024-04-28T00:13:56.662Z - Cannot read properties of undefined (reading 'protocol')
2024-04-28T00:13:56.666Z - GPS with provided IMEI exists, forwarding to Laravel
2024-04-28T00:13:56.667Z - filtereddata is not defined
2024-04-28T00:14:57.110Z - Cannot read properties of undefined (reading 'protocol')
2024-04-28T00:19:57.303Z - GPS with provided IMEI exists, forwarding to Laravel
2024-04-28T00:19:57.304Z - filtereddata is not defined
2024-04-28T00:21:09.362Z - Cannot read properties of undefined (reading 'protocol')
2024-04-28T00:25:58.339Z - GPS with provided IMEI exists, forwarding to Laravel
2024-04-28T00:25:58.340Z - filtereddata is not defined
2024-04-28T00:27:09.954Z - Cannot read properties of undefined (reading 'protocol')
2024-04-28T00:31:58.199Z - GPS with provided IMEI exists, forwarding to Laravel
2024-04-28T00:31:58.201Z - filtereddata is not defined
2024-04-28T00:32:59.129Z - Cannot read properties of undefined (reading 'protocol')
2024-04-28T00:39:59.420Z - GPS with provided IMEI exists, forwarding to Laravel
2024-04-28T00:39:59.421Z - filtereddata is not defined
2024-04-28T00:43:12.007Z - Cannot read properties of undefined (reading 'protocol')
2024-04-28T00:52:24.805Z - GPS with provided IMEI exists, forwarding to Laravel
2024-04-28T00:52:24.807Z - filtereddata is not defined
2024-04-28T00:54:53.197Z - Cannot read properties of undefined (reading 'protocol')
2024-04-28T00:56:01.040Z - GPS with provided IMEI exists, forwarding to Laravel
2024-04-28T00:56:01.041Z - filtereddata is not defined
2024-04-28T00:57:01.499Z - Cannot read properties of undefined (reading 'protocol')
2024-04-28T01:00:17.665Z - GPS with provided IMEI exists, forwarding to Laravel
2024-04-28T01:00:17.666Z - filtereddata is not defined
2024-04-28T01:02:25.849Z - Cannot read properties of undefined (reading 'protocol')
2024-04-28T01:02:25.853Z - GPS with provided IMEI exists, forwarding to Laravel
2024-04-28T01:02:25.854Z - filtereddata is not defined
2024-04-28T01:04:53.654Z - Cannot read properties of undefined (reading 'protocol')
2024-04-28T01:06:02.353Z - GPS with provided IMEI exists, forwarding to Laravel
2024-04-28T01:06:02.354Z - filtereddata is not defined
2024-04-28T01:07:14.310Z - Cannot read properties of undefined (reading 'protocol')
2024-04-28T01:09:39.065Z - GPS with provided IMEI exists, forwarding to Laravel
2024-04-28T01:09:39.066Z - filtereddata is not defined
2024-04-28T01:12:54.186Z - Cannot read properties of undefined (reading 'protocol')
2024-04-28T01:20:28.169Z - GPS with provided IMEI exists, forwarding to Laravel
2024-04-28T01:20:28.170Z - filtereddata is not defined
2024-04-28T01:22:55.221Z - Cannot read properties of undefined (reading 'protocol')
2024-04-28T01:30:28.914Z - GPS with provided IMEI exists, forwarding to Laravel
2024-04-28T01:30:28.915Z - filtereddata is not defined
2024-04-28T01:34:05.227Z - Cannot read properties of undefined (reading 'protocol')
2024-04-28T01:34:05.237Z - GPS with provided IMEI exists, forwarding to Laravel
2024-04-28T01:34:05.238Z - filtereddata is not defined
2024-04-28T01:35:17.609Z - Cannot read properties of undefined (reading 'protocol')
2024-04-28T01:36:21.283Z - GPS with provided IMEI exists, forwarding to Laravel
2024-04-28T01:36:21.284Z - filtereddata is not defined
2024-04-28T01:38:29.587Z - Cannot read properties of undefined (reading 'protocol')
2024-04-28T01:38:29.590Z - GPS with provided IMEI exists, forwarding to Laravel
2024-04-28T01:38:29.591Z - filtereddata is not defined
2024-04-28T01:40:57.169Z - Cannot read properties of undefined (reading 'protocol')
2024-04-28T01:41:58.186Z - GPS with provided IMEI exists, forwarding to Laravel
2024-04-28T01:41:58.187Z - filtereddata is not defined
2024-04-28T01:43:00.582Z - Cannot read properties of undefined (reading 'protocol')
2024-04-28T01:44:14.690Z - GPS with provided IMEI exists, forwarding to Laravel
2024-04-28T01:44:14.691Z - filtereddata is not defined
2024-04-28T01:45:18.378Z - Cannot read properties of undefined (reading 'protocol')
2024-04-28T01:46:36.436Z - Cannot read properties of undefined (reading 'type')
2024-04-28T01:46:36.441Z - Cannot read properties of undefined (reading 'type')
2024-04-28T01:46:36.443Z - GPS with provided IMEI exists, forwarding to Laravel
2024-04-28T01:46:36.443Z - filtereddata is not defined
2024-04-28T01:46:36.452Z - Cannot read properties of undefined (reading 'type')
2024-04-28T01:46:36.454Z - GPS with provided IMEI exists, forwarding to Laravel
2024-04-28T01:46:36.454Z - filtereddata is not defined
2024-04-28T01:46:36.456Z - Cannot read properties of undefined (reading 'type')
2024-04-28T01:46:36.457Z - GPS with provided IMEI exists, forwarding to Laravel
2024-04-28T01:46:36.458Z - filtereddata is not defined
2024-04-28T01:46:36.462Z - Cannot read properties of undefined (reading 'type')
2024-04-28T01:46:36.464Z - GPS with provided IMEI exists, forwarding to Laravel
2024-04-28T01:46:36.464Z - filtereddata is not defined
2024-04-28T01:46:36.466Z - GPS with provided IMEI exists, forwarding to Laravel
2024-04-28T01:46:36.466Z - filtereddata is not defined
2024-04-28T01:48:58.054Z - Cannot read properties of undefined (reading 'protocol')
2024-04-28T01:49:58.668Z - GPS with provided IMEI exists, forwarding to Laravel
2024-04-28T01:49:58.669Z - filtereddata is not defined
2024-04-28T01:50:58.453Z - Cannot read properties of undefined (reading 'protocol')
2024-04-28T01:56:31.322Z - GPS with provided IMEI exists, forwarding to Laravel
2024-04-28T01:56:31.324Z - filtereddata is not defined
2024-04-28T01:58:59.240Z - Cannot read properties of undefined (reading 'protocol')
2024-04-28T02:06:35.918Z - Cannot read properties of undefined (reading 'type')
2024-04-28T02:06:35.926Z - Cannot read properties of undefined (reading 'type')
2024-04-28T02:06:35.934Z - GPS with provided IMEI exists, forwarding to Laravel
2024-04-28T02:06:35.935Z - filtereddata is not defined
2024-04-28T02:06:35.937Z - Cannot read properties of undefined (reading 'type')
2024-04-28T02:06:35.939Z - GPS with provided IMEI exists, forwarding to Laravel
2024-04-28T02:06:35.939Z - filtereddata is not defined
2024-04-28T02:06:35.942Z - Cannot read properties of undefined (reading 'type')
2024-04-28T02:06:35.943Z - GPS with provided IMEI exists, forwarding to Laravel
2024-04-28T02:06:35.944Z - filtereddata is not defined
2024-04-28T02:06:35.945Z - Cannot read properties of undefined (reading 'type')
2024-04-28T02:06:35.948Z - GPS with provided IMEI exists, forwarding to Laravel
2024-04-28T02:06:35.948Z - filtereddata is not defined
2024-04-28T02:06:35.949Z - GPS with provided IMEI exists, forwarding to Laravel
2024-04-28T02:06:35.950Z - filtereddata is not defined
2024-04-28T02:07:37.621Z - Cannot read properties of undefined (reading 'protocol')
2024-04-28T02:22:57.562Z - Cannot read properties of undefined (reading 'type')
2024-04-28T02:22:57.568Z - Cannot read properties of undefined (reading 'type')
2024-04-28T02:22:57.573Z - Cannot read properties of undefined (reading 'type')
2024-04-28T02:22:57.577Z - GPS with provided IMEI exists, forwarding to Laravel
2024-04-28T02:22:57.578Z - filtereddata is not defined
2024-04-28T02:22:57.580Z - GPS with provided IMEI exists, forwarding to Laravel
2024-04-28T02:22:57.582Z - filtereddata is not defined
2024-04-28T02:22:57.589Z - Cannot read properties of undefined (reading 'type')
2024-04-28T02:22:57.590Z - GPS with provided IMEI exists, forwarding to Laravel
2024-04-28T02:22:57.591Z - filtereddata is not defined
2024-04-28T02:22:57.593Z - Cannot read properties of undefined (reading 'type')
2024-04-28T02:22:57.595Z - GPS with provided IMEI exists, forwarding to Laravel
2024-04-28T02:22:57.595Z - filtereddata is not defined
2024-04-28T02:22:57.596Z - GPS with provided IMEI exists, forwarding to Laravel
2024-04-28T02:22:57.597Z - filtereddata is not defined
2024-04-28T02:25:18.845Z - Cannot read properties of undefined (reading 'protocol')
2024-04-28T02:32:52.766Z - GPS with provided IMEI exists, forwarding to Laravel
2024-04-28T02:32:52.768Z - filtereddata is not defined
2024-04-28T02:35:19.925Z - Cannot read properties of undefined (reading 'protocol')
2024-04-28T02:36:20.861Z - GPS with provided IMEI exists, forwarding to Laravel
2024-04-28T02:36:20.862Z - filtereddata is not defined
2024-04-28T02:37:22.879Z - Cannot read properties of undefined (reading 'protocol')
2024-04-28T02:38:40.991Z - Cannot read properties of undefined (reading 'type')
2024-04-28T02:38:40.997Z - Cannot read properties of undefined (reading 'type')
2024-04-28T02:38:41.004Z - GPS with provided IMEI exists, forwarding to Laravel
2024-04-28T02:38:41.004Z - filtereddata is not defined
2024-04-28T02:38:41.007Z - Cannot read properties of undefined (reading 'type')
2024-04-28T02:38:41.014Z - GPS with provided IMEI exists, forwarding to Laravel
2024-04-28T02:38:41.015Z - filtereddata is not defined
2024-04-28T02:38:41.017Z - Cannot read properties of undefined (reading 'type')
2024-04-28T02:38:41.018Z - GPS with provided IMEI exists, forwarding to Laravel
2024-04-28T02:38:41.019Z - filtereddata is not defined
2024-04-28T02:38:41.021Z - GPS with provided IMEI exists, forwarding to Laravel
2024-04-28T02:38:41.021Z - filtereddata is not defined
2024-04-28T02:38:41.025Z - Cannot read properties of undefined (reading 'type')
2024-04-28T02:38:41.026Z - GPS with provided IMEI exists, forwarding to Laravel
2024-04-28T02:38:41.027Z - filtereddata is not defined
2024-04-28T02:39:41.525Z - Cannot read properties of undefined (reading 'protocol')
2024-04-28T02:48:54.363Z - GPS with provided IMEI exists, forwarding to Laravel
2024-04-28T02:48:54.364Z - filtereddata is not defined
2024-04-28T02:51:21.648Z - Cannot read properties of undefined (reading 'protocol')
2024-04-28T02:54:54.982Z - GPS with provided IMEI exists, forwarding to Laravel
2024-04-28T02:54:54.983Z - filtereddata is not defined
2024-04-28T02:57:22.246Z - Cannot read properties of undefined (reading 'protocol')
2024-04-28T03:00:55.531Z - GPS with provided IMEI exists, forwarding to Laravel
2024-04-28T03:00:55.533Z - filtereddata is not defined
2024-04-28T03:03:23.181Z - Cannot read properties of undefined (reading 'protocol')
2024-04-28T03:06:55.923Z - GPS with provided IMEI exists, forwarding to Laravel
2024-04-28T03:06:55.924Z - filtereddata is not defined
2024-04-28T03:09:23.525Z - Cannot read properties of undefined (reading 'protocol')
2024-04-28T03:13:02.876Z - Cannot read properties of undefined (reading 'type')
2024-04-28T03:13:02.881Z - Cannot read properties of undefined (reading 'type')
2024-04-28T03:13:02.883Z - GPS with provided IMEI exists, forwarding to Laravel
2024-04-28T03:13:02.883Z - filtereddata is not defined
2024-04-28T03:13:02.887Z - Cannot read properties of undefined (reading 'type')
2024-04-28T03:13:02.895Z - GPS with provided IMEI exists, forwarding to Laravel
2024-04-28T03:13:02.896Z - filtereddata is not defined
2024-04-28T03:13:02.897Z - Cannot read properties of undefined (reading 'type')
2024-04-28T03:13:02.900Z - GPS with provided IMEI exists, forwarding to Laravel
2024-04-28T03:13:02.901Z - filtereddata is not defined
2024-04-28T03:13:02.904Z - Cannot read properties of undefined (reading 'type')
2024-04-28T03:13:02.905Z - GPS with provided IMEI exists, forwarding to Laravel
2024-04-28T03:13:02.906Z - filtereddata is not defined
2024-04-28T03:13:02.908Z - GPS with provided IMEI exists, forwarding to Laravel
2024-04-28T03:13:02.908Z - filtereddata is not defined
2024-04-28T03:15:24.181Z - Cannot read properties of undefined (reading 'protocol')
2024-04-28T03:18:57.193Z - GPS with provided IMEI exists, forwarding to Laravel
2024-04-28T03:18:57.194Z - filtereddata is not defined
2024-04-28T03:21:24.837Z - Cannot read properties of undefined (reading 'protocol')
2024-04-28T03:28:42.916Z - GPS with provided IMEI exists, forwarding to Laravel
2024-04-28T03:28:42.917Z - filtereddata is not defined
2024-04-28T03:29:46.465Z - Cannot read properties of undefined (reading 'protocol')
2024-04-28T03:31:04.507Z - Cannot read properties of undefined (reading 'type')
2024-04-28T03:31:04.511Z - Cannot read properties of undefined (reading 'type')
2024-04-28T03:31:04.518Z - GPS with provided IMEI exists, forwarding to Laravel
2024-04-28T03:31:04.518Z - filtereddata is not defined
2024-04-28T03:31:04.522Z - Cannot read properties of undefined (reading 'type')
2024-04-28T03:31:04.525Z - GPS with provided IMEI exists, forwarding to Laravel
2024-04-28T03:31:04.526Z - filtereddata is not defined
2024-04-28T03:31:04.533Z - Cannot read properties of undefined (reading 'type')
2024-04-28T03:31:04.561Z - GPS with provided IMEI exists, forwarding to Laravel
2024-04-28T03:31:04.562Z - filtereddata is not defined
2024-04-28T03:31:04.571Z - Cannot read properties of undefined (reading 'type')
2024-04-28T03:31:04.573Z - GPS with provided IMEI exists, forwarding to Laravel
2024-04-28T03:31:04.574Z - filtereddata is not defined
2024-04-28T03:31:04.576Z - GPS with provided IMEI exists, forwarding to Laravel
2024-04-28T03:31:04.576Z - filtereddata is not defined
2024-04-28T03:33:26.036Z - Cannot read properties of undefined (reading 'protocol')
2024-04-28T03:34:34.990Z - GPS with provided IMEI exists, forwarding to Laravel
2024-04-28T03:34:34.991Z - filtereddata is not defined
2024-04-28T03:35:47.024Z - Cannot read properties of undefined (reading 'protocol')
2024-04-28T03:37:05.411Z - Cannot read properties of undefined (reading 'type')
2024-04-28T03:37:05.415Z - Cannot read properties of undefined (reading 'type')
2024-04-28T03:37:05.430Z - GPS with provided IMEI exists, forwarding to Laravel
2024-04-28T03:37:05.431Z - filtereddata is not defined
2024-04-28T03:37:05.440Z - Cannot read properties of undefined (reading 'type')
2024-04-28T03:37:05.441Z - GPS with provided IMEI exists, forwarding to Laravel
2024-04-28T03:37:05.442Z - filtereddata is not defined
2024-04-28T03:37:05.443Z - Cannot read properties of undefined (reading 'type')
2024-04-28T03:37:05.445Z - GPS with provided IMEI exists, forwarding to Laravel
2024-04-28T03:37:05.445Z - filtereddata is not defined
2024-04-28T03:37:05.447Z - Cannot read properties of undefined (reading 'type')
2024-04-28T03:37:05.448Z - GPS with provided IMEI exists, forwarding to Laravel
2024-04-28T03:37:05.449Z - filtereddata is not defined
2024-04-28T03:37:05.450Z - GPS with provided IMEI exists, forwarding to Laravel
2024-04-28T03:37:05.451Z - filtereddata is not defined
2024-04-28T03:40:35.402Z - Cannot read properties of undefined (reading 'protocol')
2024-04-28T03:40:35.405Z - GPS with provided IMEI exists, forwarding to Laravel
2024-04-28T03:40:35.406Z - filtereddata is not defined
2024-04-28T03:41:35.852Z - Cannot read properties of undefined (reading 'protocol')
2024-04-28T03:42:36.447Z - GPS with provided IMEI exists, forwarding to Laravel
2024-04-28T03:42:36.448Z - filtereddata is not defined
2024-04-28T03:43:47.920Z - Cannot read properties of undefined (reading 'protocol')
2024-04-28T03:45:06.036Z - Cannot read properties of undefined (reading 'type')
2024-04-28T03:45:06.043Z - Cannot read properties of undefined (reading 'type')
2024-04-28T03:45:06.044Z - GPS with provided IMEI exists, forwarding to Laravel
2024-04-28T03:45:06.046Z - filtereddata is not defined
2024-04-28T03:45:06.052Z - Cannot read properties of undefined (reading 'type')
2024-04-28T03:45:06.055Z - GPS with provided IMEI exists, forwarding to Laravel
2024-04-28T03:45:06.056Z - filtereddata is not defined
2024-04-28T03:45:06.062Z - Cannot read properties of undefined (reading 'type')
2024-04-28T03:45:06.065Z - GPS with provided IMEI exists, forwarding to Laravel
2024-04-28T03:45:06.066Z - filtereddata is not defined
2024-04-28T03:45:06.068Z - Cannot read properties of undefined (reading 'type')
2024-04-28T03:45:06.070Z - GPS with provided IMEI exists, forwarding to Laravel
2024-04-28T03:45:06.071Z - filtereddata is not defined
2024-04-28T03:45:06.072Z - GPS with provided IMEI exists, forwarding to Laravel
2024-04-28T03:45:06.072Z - filtereddata is not defined
2024-04-28T03:48:36.249Z - Cannot read properties of undefined (reading 'protocol')
2024-04-28T03:48:36.253Z - GPS with provided IMEI exists, forwarding to Laravel
2024-04-28T03:48:36.254Z - filtereddata is not defined
2024-04-28T03:49:36.697Z - Cannot read properties of undefined (reading 'protocol')
2024-04-28T03:54:36.915Z - GPS with provided IMEI exists, forwarding to Laravel
2024-04-28T03:54:36.917Z - filtereddata is not defined
2024-04-28T03:55:48.970Z - Cannot read properties of undefined (reading 'protocol')
2024-04-28T03:59:01.892Z - GPS with provided IMEI exists, forwarding to Laravel
2024-04-28T03:59:01.894Z - filtereddata is not defined
2024-04-28T04:01:28.965Z - Cannot read properties of undefined (reading 'protocol')
2024-04-28T04:02:37.926Z - GPS with provided IMEI exists, forwarding to Laravel
2024-04-28T04:02:37.928Z - filtereddata is not defined
2024-04-28T04:03:49.980Z - Cannot read properties of undefined (reading 'protocol')
2024-04-28T04:05:08.568Z - Cannot read properties of undefined (reading 'type')
2024-04-28T04:05:08.575Z - Cannot read properties of undefined (reading 'type')
2024-04-28T04:05:08.578Z - GPS with provided IMEI exists, forwarding to Laravel
2024-04-28T04:05:08.579Z - filtereddata is not defined
2024-04-28T04:05:08.582Z - Cannot read properties of undefined (reading 'type')
2024-04-28T04:05:08.588Z - GPS with provided IMEI exists, forwarding to Laravel
2024-04-28T04:05:08.589Z - filtereddata is not defined
2024-04-28T04:05:08.591Z - Cannot read properties of undefined (reading 'type')
2024-04-28T04:05:08.592Z - GPS with provided IMEI exists, forwarding to Laravel
2024-04-28T04:05:08.592Z - filtereddata is not defined
2024-04-28T04:05:08.596Z - Cannot read properties of undefined (reading 'type')
2024-04-28T04:05:08.597Z - GPS with provided IMEI exists, forwarding to Laravel
2024-04-28T04:05:08.598Z - filtereddata is not defined
2024-04-28T04:05:08.600Z - GPS with provided IMEI exists, forwarding to Laravel
2024-04-28T04:05:08.600Z - filtereddata is not defined
2024-04-28T04:07:29.604Z - Cannot read properties of undefined (reading 'protocol')
2024-04-28T04:08:38.295Z - GPS with provided IMEI exists, forwarding to Laravel
2024-04-28T04:08:38.296Z - filtereddata is not defined
2024-04-28T04:09:38.758Z - Cannot read properties of undefined (reading 'protocol')
2024-04-28T04:21:03.760Z - GPS with provided IMEI exists, forwarding to Laravel
2024-04-28T04:21:03.761Z - filtereddata is not defined
2024-04-28T04:24:40.260Z - Cannot read properties of undefined (reading 'protocol')
2024-04-28T04:24:40.264Z - GPS with provided IMEI exists, forwarding to Laravel
2024-04-28T04:24:40.264Z - filtereddata is not defined
2024-04-28T04:27:04.294Z - Cannot read properties of undefined (reading 'protocol')
2024-04-28T04:27:04.297Z - GPS with provided IMEI exists, forwarding to Laravel
2024-04-28T04:27:04.298Z - filtereddata is not defined
2024-04-28T04:30:40.874Z - Cannot read properties of undefined (reading 'protocol')
2024-04-28T04:30:40.877Z - GPS with provided IMEI exists, forwarding to Laravel
2024-04-28T04:30:40.878Z - filtereddata is not defined
2024-04-28T04:31:53.252Z - Cannot read properties of undefined (reading 'protocol')
2024-04-28T04:33:11.460Z - Cannot read properties of undefined (reading 'type')
2024-04-28T04:33:11.465Z - Cannot read properties of undefined (reading 'type')
2024-04-28T04:33:11.471Z - GPS with provided IMEI exists, forwarding to Laravel
2024-04-28T04:33:11.471Z - filtereddata is not defined
2024-04-28T04:33:11.474Z - Cannot read properties of undefined (reading 'type')
2024-04-28T04:33:11.476Z - GPS with provided IMEI exists, forwarding to Laravel
2024-04-28T04:33:11.476Z - filtereddata is not defined
2024-04-28T04:33:11.482Z - Cannot read properties of undefined (reading 'type')
2024-04-28T04:33:11.483Z - GPS with provided IMEI exists, forwarding to Laravel
2024-04-28T04:33:11.484Z - filtereddata is not defined
2024-04-28T04:33:11.487Z - Cannot read properties of undefined (reading 'type')
2024-04-28T04:33:11.489Z - GPS with provided IMEI exists, forwarding to Laravel
2024-04-28T04:33:11.489Z - filtereddata is not defined
2024-04-28T04:33:11.491Z - GPS with provided IMEI exists, forwarding to Laravel
2024-04-28T04:33:11.492Z - filtereddata is not defined
2024-04-28T04:35:33.289Z - Cannot read properties of undefined (reading 'protocol')
2024-04-28T04:38:42.914Z - Cannot read properties of undefined (reading 'type')
2024-04-28T04:38:42.918Z - Cannot read properties of undefined (reading 'type')
2024-04-28T04:38:42.920Z - GPS with provided IMEI exists, forwarding to Laravel
2024-04-28T04:38:42.921Z - filtereddata is not defined
2024-04-28T04:38:42.923Z - Cannot read properties of undefined (reading 'type')
2024-04-28T04:38:42.941Z - GPS with provided IMEI exists, forwarding to Laravel
2024-04-28T04:38:42.942Z - filtereddata is not defined
2024-04-28T04:38:42.943Z - Cannot read properties of undefined (reading 'type')
2024-04-28T04:38:42.945Z - GPS with provided IMEI exists, forwarding to Laravel
2024-04-28T04:38:42.945Z - filtereddata is not defined
2024-04-28T04:38:42.947Z - Cannot read properties of undefined (reading 'type')
2024-04-28T04:38:42.950Z - GPS with provided IMEI exists, forwarding to Laravel
2024-04-28T04:38:42.950Z - filtereddata is not defined
2024-04-28T04:38:42.952Z - GPS with provided IMEI exists, forwarding to Laravel
2024-04-28T04:38:42.952Z - filtereddata is not defined
2024-04-28T04:39:54.284Z - Cannot read properties of undefined (reading 'protocol')
2024-04-28T04:41:13.011Z - Cannot read properties of undefined (reading 'type')
2024-04-28T04:41:13.017Z - Cannot read properties of undefined (reading 'type')
2024-04-28T04:41:13.020Z - GPS with provided IMEI exists, forwarding to Laravel
2024-04-28T04:41:13.020Z - filtereddata is not defined
2024-04-28T04:41:13.027Z - Cannot read properties of undefined (reading 'type')
2024-04-28T04:41:13.028Z - GPS with provided IMEI exists, forwarding to Laravel
2024-04-28T04:41:13.029Z - filtereddata is not defined
2024-04-28T04:41:13.030Z - Cannot read properties of undefined (reading 'type')
2024-04-28T04:41:13.032Z - GPS with provided IMEI exists, forwarding to Laravel
2024-04-28T04:41:13.032Z - filtereddata is not defined
2024-04-28T04:41:13.034Z - Cannot read properties of undefined (reading 'type')
2024-04-28T04:41:13.036Z - GPS with provided IMEI exists, forwarding to Laravel
2024-04-28T04:41:13.036Z - filtereddata is not defined
2024-04-28T04:41:13.038Z - GPS with provided IMEI exists, forwarding to Laravel
2024-04-28T04:41:13.038Z - filtereddata is not defined
2024-04-28T04:43:36.882Z - Cannot read properties of undefined (reading 'protocol')
2024-04-28T04:55:07.161Z - GPS with provided IMEI exists, forwarding to Laravel
2024-04-28T04:55:07.162Z - filtereddata is not defined
2024-04-28T04:57:35.077Z - Cannot read properties of undefined (reading 'protocol')
2024-04-28T04:58:43.747Z - GPS with provided IMEI exists, forwarding to Laravel
2024-04-28T04:58:43.749Z - filtereddata is not defined
2024-04-28T05:01:08.334Z - Cannot read properties of undefined (reading 'protocol')
2024-04-28T05:01:08.338Z - GPS with provided IMEI exists, forwarding to Laravel
2024-04-28T05:01:08.338Z - filtereddata is not defined
2024-04-28T05:03:35.840Z - Cannot read properties of undefined (reading 'protocol')
2024-04-28T05:04:44.793Z - GPS with provided IMEI exists, forwarding to Laravel
2024-04-28T05:04:44.794Z - filtereddata is not defined
2024-04-28T05:05:56.845Z - Cannot read properties of undefined (reading 'protocol')
2024-04-28T05:13:33.680Z - Cannot read properties of undefined (reading 'type')
2024-04-28T05:13:33.684Z - Cannot read properties of undefined (reading 'type')
2024-04-28T05:13:33.687Z - Cannot read properties of undefined (reading 'type')
2024-04-28T05:13:33.696Z - Cannot read properties of undefined (reading 'type')
2024-04-28T05:13:33.698Z - GPS with provided IMEI exists, forwarding to Laravel
2024-04-28T05:13:33.699Z - filtereddata is not defined
2024-04-28T05:13:33.700Z - Cannot read properties of undefined (reading 'type')
2024-04-28T05:13:33.702Z - GPS with provided IMEI exists, forwarding to Laravel
2024-04-28T05:13:33.702Z - filtereddata is not defined
2024-04-28T05:13:33.704Z - GPS with provided IMEI exists, forwarding to Laravel
2024-04-28T05:13:33.704Z - filtereddata is not defined
2024-04-28T05:17:04.359Z - Cannot read properties of undefined (reading 'protocol')
2024-04-28T05:17:04.363Z - GPS with provided IMEI exists, forwarding to Laravel
2024-04-28T05:17:04.364Z - filtereddata is not defined
2024-04-28T05:18:16.255Z - Cannot read properties of undefined (reading 'protocol')
2024-04-28T05:23:34.919Z - Cannot read properties of undefined (reading 'type')
2024-04-28T05:23:34.931Z - Cannot read properties of undefined (reading 'type')
2024-04-28T05:23:34.943Z - Cannot read properties of undefined (reading 'type')
2024-04-28T05:23:34.947Z - Cannot read properties of undefined (reading 'type')
2024-04-28T05:23:34.949Z - GPS with provided IMEI exists, forwarding to Laravel
2024-04-28T05:23:34.950Z - filtereddata is not defined
2024-04-28T05:23:34.954Z - Cannot read properties of undefined (reading 'type')
2024-04-28T05:23:34.956Z - GPS with provided IMEI exists, forwarding to Laravel
2024-04-28T05:23:34.957Z - filtereddata is not defined
2024-04-28T05:23:34.959Z - GPS with provided IMEI exists, forwarding to Laravel
2024-04-28T05:23:34.960Z - filtereddata is not defined
2024-04-28T05:25:56.062Z - Cannot read properties of undefined (reading 'protocol')
2024-04-28T05:27:04.784Z - GPS with provided IMEI exists, forwarding to Laravel
2024-04-28T05:27:04.785Z - filtereddata is not defined
2024-04-28T05:28:16.895Z - Cannot read properties of undefined (reading 'protocol')
2024-04-28T05:29:35.966Z - Cannot read properties of undefined (reading 'type')
2024-04-28T05:29:35.970Z - Cannot read properties of undefined (reading 'type')
2024-04-28T05:29:35.973Z - Cannot read properties of undefined (reading 'type')
2024-04-28T05:29:35.979Z - Cannot read properties of undefined (reading 'type')
2024-04-28T05:29:35.980Z - GPS with provided IMEI exists, forwarding to Laravel
2024-04-28T05:29:35.981Z - filtereddata is not defined
2024-04-28T05:29:35.984Z - Cannot read properties of undefined (reading 'type')
2024-04-28T05:29:35.985Z - GPS with provided IMEI exists, forwarding to Laravel
2024-04-28T05:29:35.985Z - filtereddata is not defined
2024-04-28T05:29:35.987Z - GPS with provided IMEI exists, forwarding to Laravel
2024-04-28T05:29:35.987Z - filtereddata is not defined
2024-04-28T05:31:56.719Z - Cannot read properties of undefined (reading 'protocol')
2024-04-28T05:37:30.189Z - GPS with provided IMEI exists, forwarding to Laravel
2024-04-28T05:37:30.191Z - filtereddata is not defined
2024-04-28T05:39:57.613Z - Cannot read properties of undefined (reading 'protocol')
2024-04-28T05:51:25.991Z - Cannot read properties of undefined (reading 'type')
2024-04-28T05:51:26.009Z - Cannot read properties of undefined (reading 'type')
2024-04-28T05:51:26.016Z - Cannot read properties of undefined (reading 'type')
2024-04-28T05:51:26.018Z - Cannot read properties of undefined (reading 'type')
2024-04-28T05:51:26.020Z - GPS with provided IMEI exists, forwarding to Laravel
2024-04-28T05:51:26.020Z - filtereddata is not defined
2024-04-28T05:51:26.022Z - GPS with provided IMEI exists, forwarding to Laravel
2024-04-28T05:51:26.023Z - filtereddata is not defined
2024-04-28T05:51:26.027Z - Cannot read properties of undefined (reading 'type')
2024-04-28T05:51:26.028Z - GPS with provided IMEI exists, forwarding to Laravel
2024-04-28T05:51:26.029Z - filtereddata is not defined
2024-04-28T05:53:32.832Z - Cannot read properties of undefined (reading 'protocol')
2024-04-28T05:53:32.835Z - GPS with provided IMEI exists, forwarding to Laravel
2024-04-28T05:53:32.836Z - filtereddata is not defined
2024-04-28T05:56:43.796Z - Cannot read properties of undefined (reading 'protocol')
2024-04-28T05:56:43.848Z - GPS with provided IMEI exists, forwarding to Laravel
2024-04-28T05:56:43.849Z - filtereddata is not defined
2024-04-28T05:57:59.469Z - Cannot read properties of undefined (reading 'protocol')
2024-04-28T06:03:38.613Z - Cannot read properties of undefined (reading 'type')
2024-04-28T06:03:38.620Z - GPS with provided IMEI exists, forwarding to Laravel
2024-04-28T06:03:38.621Z - filtereddata is not defined
2024-04-28T06:03:38.622Z - Cannot read properties of undefined (reading 'type')
2024-04-28T06:03:38.630Z - GPS with provided IMEI exists, forwarding to Laravel
2024-04-28T06:03:38.631Z - filtereddata is not defined
2024-04-28T06:03:38.633Z - Cannot read properties of undefined (reading 'type')
2024-04-28T06:03:38.636Z - Cannot read properties of undefined (reading 'type')
2024-04-28T06:03:38.642Z - Cannot read properties of undefined (reading 'type')
2024-04-28T06:03:38.652Z - GPS with provided IMEI exists, forwarding to Laravel
2024-04-28T06:03:38.652Z - filtereddata is not defined
2024-04-28T06:06:01.079Z - Cannot read properties of undefined (reading 'protocol')
2024-04-28T06:09:10.621Z - Cannot read properties of undefined (reading 'type')
2024-04-28T06:09:10.627Z - Cannot read properties of undefined (reading 'type')
2024-04-28T06:09:10.628Z - GPS with provided IMEI exists, forwarding to Laravel
2024-04-28T06:09:10.629Z - filtereddata is not defined
2024-04-28T06:09:10.632Z - Cannot read properties of undefined (reading 'type')
2024-04-28T06:09:10.634Z - Cannot read properties of undefined (reading 'type')
2024-04-28T06:09:10.637Z - Cannot read properties of undefined (reading 'type')
2024-04-28T06:09:10.639Z - GPS with provided IMEI exists, forwarding to Laravel
2024-04-28T06:09:10.640Z - filtereddata is not defined
2024-04-28T06:10:55.161Z - Cannot read properties of undefined (reading 'protocol')
2024-04-28T06:26:53.496Z - GPS with provided IMEI exists, forwarding to Laravel
2024-04-28T06:26:53.497Z - filtereddata is not defined
2024-04-28T06:28:02.694Z - Cannot read properties of undefined (reading 'protocol')
2024-04-28T06:29:03.576Z - GPS with provided IMEI exists, forwarding to Laravel
2024-04-28T06:29:03.577Z - filtereddata is not defined
2024-04-28T06:30:02.960Z - Cannot read properties of undefined (reading 'protocol')
2024-04-28T06:33:20.253Z - Cannot read properties of undefined (reading 'type')
2024-04-28T06:33:20.258Z - GPS with provided IMEI exists, forwarding to Laravel
2024-04-28T06:33:20.258Z - filtereddata is not defined
2024-04-28T06:33:20.264Z - Cannot read properties of undefined (reading 'type')
2024-04-28T06:33:20.267Z - GPS with provided IMEI exists, forwarding to Laravel
2024-04-28T06:33:20.267Z - filtereddata is not defined
2024-04-28T06:33:20.269Z - Cannot read properties of undefined (reading 'type')
2024-04-28T06:33:20.283Z - GPS with provided IMEI exists, forwarding to Laravel
2024-04-28T06:33:20.284Z - filtereddata is not defined
2024-04-28T06:33:20.285Z - Cannot read properties of undefined (reading 'type')
2024-04-28T06:33:20.289Z - GPS with provided IMEI exists, forwarding to Laravel
2024-04-28T06:33:20.291Z - filtereddata is not defined
2024-04-28T06:33:20.293Z - Cannot read properties of undefined (reading 'type')
2024-04-28T06:33:20.295Z - GPS with provided IMEI exists, forwarding to Laravel
2024-04-28T06:33:20.296Z - filtereddata is not defined
2024-04-28T06:33:20.298Z - GPS with provided IMEI exists, forwarding to Laravel
2024-04-28T06:33:20.298Z - filtereddata is not defined
2024-04-28T06:35:31.864Z - Cannot read properties of undefined (reading 'protocol')
2024-04-28T06:35:31.867Z - GPS with provided IMEI exists, forwarding to Laravel
2024-04-28T06:35:31.868Z - filtereddata is not defined
2024-04-28T06:38:22.110Z - Cannot read properties of undefined (reading 'protocol')
2024-04-28T06:40:28.665Z - GPS with provided IMEI exists, forwarding to Laravel
2024-04-28T06:40:28.666Z - filtereddata is not defined
2024-04-28T06:41:36.683Z - Cannot read properties of undefined (reading 'protocol')
2024-04-28T06:41:36.688Z - GPS with provided IMEI exists, forwarding to Laravel
2024-04-28T06:41:36.688Z - filtereddata is not defined
2024-04-28T06:44:05.696Z - Cannot read properties of undefined (reading 'protocol')
2024-04-28T06:55:24.648Z - Cannot read properties of undefined (reading 'type')
2024-04-28T06:55:24.653Z - GPS with provided IMEI exists, forwarding to Laravel
2024-04-28T06:55:24.654Z - filtereddata is not defined
2024-04-28T06:55:24.656Z - Cannot read properties of undefined (reading 'type')
2024-04-28T06:55:24.660Z - Cannot read properties of undefined (reading 'type')
2024-04-28T06:55:24.663Z - Cannot read properties of undefined (reading 'type')
2024-04-28T06:55:24.665Z - Cannot read properties of undefined (reading 'type')
2024-04-28T06:55:24.666Z - GPS with provided IMEI exists, forwarding to Laravel
2024-04-28T06:55:24.667Z - filtereddata is not defined
2024-04-28T06:56:26.516Z - Cannot read properties of undefined (reading 'protocol')
2024-04-28T07:03:14.794Z - GPS with provided IMEI exists, forwarding to Laravel
2024-04-28T07:03:14.795Z - filtereddata is not defined
2024-04-28T07:04:27.281Z - Cannot read properties of undefined (reading 'protocol')
2024-04-28T07:11:07.981Z - GPS with provided IMEI exists, forwarding to Laravel
2024-04-28T07:11:07.983Z - filtereddata is not defined
2024-04-28T07:12:09.932Z - Cannot read properties of undefined (reading 'protocol')
2024-04-28T07:19:40.325Z - GPS with provided IMEI exists, forwarding to Laravel
2024-04-28T07:19:40.326Z - filtereddata is not defined
2024-04-28T07:22:09.573Z - Cannot read properties of undefined (reading 'protocol')
2024-04-28T07:33:18.554Z - Cannot read properties of undefined (reading 'type')
2024-04-28T07:33:18.560Z - Cannot read properties of undefined (reading 'type')
2024-04-28T07:33:18.567Z - Cannot read properties of undefined (reading 'type')
2024-04-28T07:33:18.569Z - Cannot read properties of undefined (reading 'type')
2024-04-28T07:33:18.573Z - Cannot read properties of undefined (reading 'type')
2024-04-28T07:33:18.575Z - GPS with provided IMEI exists, forwarding to Laravel
2024-04-28T07:33:18.575Z - filtereddata is not defined
2024-04-28T07:35:42.634Z - Cannot read properties of undefined (reading 'protocol')
2024-04-28T07:35:42.644Z - GPS with provided IMEI exists, forwarding to Laravel
2024-04-28T07:35:42.644Z - filtereddata is not defined
2024-04-28T07:38:09.660Z - Cannot read properties of undefined (reading 'protocol')
2024-04-28T07:43:42.878Z - GPS with provided IMEI exists, forwarding to Laravel
2024-04-28T07:43:42.879Z - filtereddata is not defined
2024-04-28T07:45:43.703Z - Cannot read properties of undefined (reading 'protocol')
2024-04-28T07:45:43.707Z - GPS with provided IMEI exists, forwarding to Laravel
2024-04-28T07:45:43.707Z - filtereddata is not defined
2024-04-28T07:48:10.716Z - Cannot read properties of undefined (reading 'protocol')
2024-04-28T07:57:54.568Z - Cannot read properties of undefined (reading 'type')
2024-04-28T07:57:54.572Z - Cannot read properties of undefined (reading 'type')
2024-04-28T07:57:54.573Z - Cannot read properties of undefined (reading 'type')
2024-04-28T07:57:54.576Z - Cannot read properties of undefined (reading 'type')
2024-04-28T07:57:54.580Z - Cannot read properties of undefined (reading 'type')
2024-04-28T07:57:54.582Z - GPS with provided IMEI exists, forwarding to Laravel
2024-04-28T07:57:54.583Z - filtereddata is not defined
2024-04-28T07:58:56.803Z - Cannot read properties of undefined (reading 'protocol')
2024-04-28T07:58:56.806Z - GPS with provided IMEI exists, forwarding to Laravel
2024-04-28T07:58:56.807Z - filtereddata is not defined
2024-04-28T08:02:13.466Z - Cannot read properties of undefined (reading 'protocol')
2024-04-28T08:03:13.967Z - GPS with provided IMEI exists, forwarding to Laravel
2024-04-28T08:03:13.969Z - filtereddata is not defined
2024-04-28T08:04:15.612Z - Cannot read properties of undefined (reading 'protocol')
2024-04-28T08:07:45.443Z - GPS with provided IMEI exists, forwarding to Laravel
2024-04-28T08:07:45.445Z - filtereddata is not defined
2024-04-28T08:10:13.491Z - Cannot read properties of undefined (reading 'protocol')
2024-04-28T08:13:45.999Z - GPS with provided IMEI exists, forwarding to Laravel
2024-04-28T08:13:46.001Z - filtereddata is not defined
2024-04-28T08:18:22.579Z - Cannot read properties of undefined (reading 'protocol')
2024-04-28T08:21:59.234Z - Cannot read properties of undefined (reading 'type')
2024-04-28T08:21:59.239Z - Cannot read properties of undefined (reading 'type')
2024-04-28T08:21:59.247Z - Cannot read properties of undefined (reading 'type')
2024-04-28T08:21:59.249Z - Cannot read properties of undefined (reading 'type')
2024-04-28T08:21:59.253Z - Cannot read properties of undefined (reading 'type')
2024-04-28T08:21:59.255Z - GPS with provided IMEI exists, forwarding to Laravel
2024-04-28T08:21:59.255Z - filtereddata is not defined
2024-04-28T08:24:40.847Z - Cannot read properties of undefined (reading 'protocol')
2024-04-28T08:28:14.292Z - GPS with provided IMEI exists, forwarding to Laravel
2024-04-28T08:28:14.294Z - filtereddata is not defined
2024-04-28T08:30:41.514Z - Cannot read properties of undefined (reading 'protocol')
2024-04-28T08:31:42.490Z - GPS with provided IMEI exists, forwarding to Laravel
2024-04-28T08:31:42.491Z - filtereddata is not defined
2024-04-28T08:32:42.009Z - Cannot read properties of undefined (reading 'protocol')
2024-04-28T08:33:42.564Z - GPS with provided IMEI exists, forwarding to Laravel
2024-04-28T08:33:42.565Z - filtereddata is not defined
2024-04-28T08:34:44.685Z - Cannot read properties of undefined (reading 'protocol')
2024-04-28T08:40:15.399Z - GPS with provided IMEI exists, forwarding to Laravel
2024-04-28T08:40:15.400Z - filtereddata is not defined
2024-04-28T08:42:42.797Z - Cannot read properties of undefined (reading 'protocol')
2024-04-28T08:43:51.708Z - GPS with provided IMEI exists, forwarding to Laravel
2024-04-28T08:43:51.710Z - filtereddata is not defined
2024-04-28T08:45:03.747Z - Cannot read properties of undefined (reading 'protocol')
2024-04-28T08:48:00.331Z - GPS with provided IMEI exists, forwarding to Laravel
2024-04-28T08:48:00.332Z - filtereddata is not defined
2024-04-28T08:52:16.495Z - Cannot read properties of undefined (reading 'protocol')
2024-04-28T08:52:16.504Z - GPS with provided IMEI exists, forwarding to Laravel
2024-04-28T08:52:16.504Z - filtereddata is not defined
2024-04-28T08:55:52.953Z - Cannot read properties of undefined (reading 'protocol')
2024-04-28T08:55:52.958Z - GPS with provided IMEI exists, forwarding to Laravel
2024-04-28T08:55:52.959Z - filtereddata is not defined
2024-04-28T08:57:05.130Z - Cannot read properties of undefined (reading 'protocol')
2024-04-28T09:18:19.258Z - GPS with provided IMEI exists, forwarding to Laravel
2024-04-28T09:18:19.259Z - filtereddata is not defined
2024-04-28T09:20:46.762Z - Cannot read properties of undefined (reading 'protocol')
2024-04-28T09:26:19.842Z - GPS with provided IMEI exists, forwarding to Laravel
2024-04-28T09:26:19.844Z - filtereddata is not defined
2024-04-28T09:28:47.652Z - Cannot read properties of undefined (reading 'protocol')
2024-04-28T09:29:56.447Z - GPS with provided IMEI exists, forwarding to Laravel
2024-04-28T09:29:56.448Z - filtereddata is not defined
2024-04-28T09:33:08.704Z - Cannot read properties of undefined (reading 'protocol')
2024-04-28T09:42:21.960Z - GPS with provided IMEI exists, forwarding to Laravel
2024-04-28T09:42:21.962Z - filtereddata is not defined
2024-04-28T09:44:49.313Z - Cannot read properties of undefined (reading 'protocol')
2024-04-28T09:50:22.409Z - GPS with provided IMEI exists, forwarding to Laravel
2024-04-28T09:50:22.411Z - filtereddata is not defined
2024-04-28T09:52:50.207Z - Cannot read properties of undefined (reading 'protocol')
2024-04-28T10:00:24.157Z - GPS with provided IMEI exists, forwarding to Laravel
2024-04-28T10:00:24.158Z - filtereddata is not defined
2024-04-28T10:02:51.249Z - Cannot read properties of undefined (reading 'protocol')
2024-04-28T10:03:59.924Z - GPS with provided IMEI exists, forwarding to Laravel
2024-04-28T10:03:59.926Z - filtereddata is not defined
2024-04-28T10:05:00.403Z - Cannot read properties of undefined (reading 'protocol')
2024-04-28T10:08:24.515Z - GPS with provided IMEI exists, forwarding to Laravel
2024-04-28T10:08:24.517Z - filtereddata is not defined
2024-04-28T10:12:01.017Z - Cannot read properties of undefined (reading 'protocol')
2024-04-28T10:12:01.021Z - GPS with provided IMEI exists, forwarding to Laravel
2024-04-28T10:12:01.021Z - filtereddata is not defined
2024-04-28T10:14:25.083Z - Cannot read properties of undefined (reading 'protocol')
2024-04-28T10:14:25.087Z - GPS with provided IMEI exists, forwarding to Laravel
2024-04-28T10:14:25.087Z - filtereddata is not defined
2024-04-28T10:18:01.163Z - Cannot read properties of undefined (reading 'protocol')
2024-04-28T10:18:01.167Z - GPS with provided IMEI exists, forwarding to Laravel
2024-04-28T10:18:01.167Z - filtereddata is not defined
2024-04-28T10:19:01.637Z - Cannot read properties of undefined (reading 'protocol')
2024-04-28T10:30:27.057Z - GPS with provided IMEI exists, forwarding to Laravel
2024-04-28T10:30:27.059Z - filtereddata is not defined
2024-04-28T10:32:54.344Z - Cannot read properties of undefined (reading 'protocol')
2024-04-28T10:34:02.817Z - GPS with provided IMEI exists, forwarding to Laravel
2024-04-28T10:34:02.819Z - filtereddata is not defined
2024-04-28T10:35:15.363Z - Cannot read properties of undefined (reading 'protocol')
2024-04-28T10:38:27.458Z - GPS with provided IMEI exists, forwarding to Laravel
2024-04-28T10:38:27.459Z - filtereddata is not defined
2024-04-28T10:40:55.207Z - Cannot read properties of undefined (reading 'protocol')
2024-04-28T10:50:28.906Z - GPS with provided IMEI exists, forwarding to Laravel
2024-04-28T10:50:28.907Z - filtereddata is not defined
2024-04-28T10:52:56.919Z - Cannot read properties of undefined (reading 'protocol')
2024-04-28T10:53:57.424Z - GPS with provided IMEI exists, forwarding to Laravel
2024-04-28T10:53:57.425Z - filtereddata is not defined
2024-04-28T10:54:59.439Z - Cannot read properties of undefined (reading 'protocol')
2024-04-28T10:58:44.597Z - GPS with provided IMEI exists, forwarding to Laravel
2024-04-28T10:58:44.599Z - filtereddata is not defined
2024-04-28T11:00:30.244Z - Cannot read properties of undefined (reading 'protocol')
2024-04-28T11:00:30.247Z - GPS with provided IMEI exists, forwarding to Laravel
2024-04-28T11:00:30.248Z - filtereddata is not defined
2024-04-28T11:02:57.502Z - Cannot read properties of undefined (reading 'protocol')
2024-04-28T11:04:06.457Z - GPS with provided IMEI exists, forwarding to Laravel
2024-04-28T11:04:06.458Z - filtereddata is not defined
2024-04-28T11:06:30.896Z - Cannot read properties of undefined (reading 'protocol')
2024-04-28T11:06:30.900Z - GPS with provided IMEI exists, forwarding to Laravel
2024-04-28T11:06:30.901Z - filtereddata is not defined
2024-04-28T11:08:58.132Z - Cannot read properties of undefined (reading 'protocol')
2024-04-28T11:14:37.809Z - Cannot read properties of undefined (reading 'type')
2024-04-28T11:14:37.813Z - Cannot read properties of undefined (reading 'type')
2024-04-28T11:14:37.816Z - Cannot read properties of undefined (reading 'type')
2024-04-28T11:14:37.820Z - Cannot read properties of undefined (reading 'type')
2024-04-28T11:14:37.821Z - Cannot read properties of undefined (reading 'type')
2024-04-28T11:14:37.823Z - GPS with provided IMEI exists, forwarding to Laravel
2024-04-28T11:14:37.823Z - filtereddata is not defined
2024-04-28T11:19:08.419Z - Cannot read properties of undefined (reading 'protocol')
2024-04-28T11:22:32.568Z - GPS with provided IMEI exists, forwarding to Laravel
2024-04-28T11:22:32.570Z - filtereddata is not defined
2024-04-28T11:25:18.241Z - Cannot read properties of undefined (reading 'protocol')
2024-04-28T11:30:51.291Z - GPS with provided IMEI exists, forwarding to Laravel
2024-04-28T11:30:51.292Z - filtereddata is not defined
2024-04-28T11:35:39.592Z - Cannot read properties of undefined (reading 'protocol')
2024-04-28T11:54:53.462Z - GPS with provided IMEI exists, forwarding to Laravel
2024-04-28T11:54:53.464Z - filtereddata is not defined
2024-04-28T11:57:20.918Z - Cannot read properties of undefined (reading 'protocol')
2024-04-28T11:58:21.888Z - GPS with provided IMEI exists, forwarding to Laravel
2024-04-28T11:58:21.889Z - filtereddata is not defined
2024-04-28T11:59:24.410Z - Cannot read properties of undefined (reading 'protocol')
2024-04-28T12:02:55.078Z - GPS with provided IMEI exists, forwarding to Laravel
2024-04-28T12:02:55.080Z - filtereddata is not defined
2024-04-28T12:05:23.233Z - Cannot read properties of undefined (reading 'protocol')
2024-04-28T12:06:30.683Z - GPS with provided IMEI exists, forwarding to Laravel
2024-04-28T12:06:30.684Z - filtereddata is not defined
2024-04-28T12:07:31.168Z - Cannot read properties of undefined (reading 'protocol')
2024-04-28T12:16:55.500Z - GPS with provided IMEI exists, forwarding to Laravel
2024-04-28T12:16:55.501Z - filtereddata is not defined
2024-04-28T12:19:23.234Z - Cannot read properties of undefined (reading 'protocol')
2024-04-28T12:20:32.463Z - GPS with provided IMEI exists, forwarding to Laravel
2024-04-28T12:20:32.464Z - filtereddata is not defined
2024-04-28T12:22:56.548Z - Cannot read properties of undefined (reading 'protocol')
2024-04-28T12:22:56.555Z - GPS with provided IMEI exists, forwarding to Laravel
2024-04-28T12:22:56.556Z - filtereddata is not defined
2024-04-28T12:25:23.882Z - Cannot read properties of undefined (reading 'protocol')
2024-04-28T12:26:24.827Z - GPS with provided IMEI exists, forwarding to Laravel
2024-04-28T12:26:24.828Z - filtereddata is not defined
2024-04-28T12:27:26.861Z - Cannot read properties of undefined (reading 'protocol')
2024-04-28T12:28:41.816Z - GPS with provided IMEI exists, forwarding to Laravel
2024-04-28T12:28:41.817Z - filtereddata is not defined
2024-04-28T12:29:45.036Z - Cannot read properties of undefined (reading 'protocol')
2024-04-28T12:34:25.390Z - GPS with provided IMEI exists, forwarding to Laravel
2024-04-28T12:34:25.391Z - filtereddata is not defined
2024-04-28T12:35:27.701Z - Cannot read properties of undefined (reading 'protocol')
2024-04-28T12:36:42.633Z - GPS with provided IMEI exists, forwarding to Laravel
2024-04-28T12:36:42.634Z - filtereddata is not defined
2024-04-28T12:37:45.987Z - Cannot read properties of undefined (reading 'protocol')
2024-04-28T12:50:35.339Z - GPS with provided IMEI exists, forwarding to Laravel
2024-04-28T12:50:35.340Z - filtereddata is not defined
2024-04-28T12:52:59.410Z - Cannot read properties of undefined (reading 'protocol')
2024-04-28T12:52:59.414Z - GPS with provided IMEI exists, forwarding to Laravel
2024-04-28T12:52:59.415Z - filtereddata is not defined
2024-04-28T12:55:27.030Z - Cannot read properties of undefined (reading 'protocol')
2024-04-28T12:56:28.007Z - GPS with provided IMEI exists, forwarding to Laravel
2024-04-28T12:56:28.009Z - filtereddata is not defined
2024-04-28T12:57:27.510Z - Cannot read properties of undefined (reading 'protocol')
2024-04-28T13:00:29.150Z - Cannot read properties of undefined (reading 'type')
2024-04-28T13:00:29.154Z - Cannot read properties of undefined (reading 'type')
2024-04-28T13:00:29.157Z - Cannot read properties of undefined (reading 'type')
2024-04-28T13:00:29.161Z - Cannot read properties of undefined (reading 'type')
2024-04-28T13:00:29.163Z - Cannot read properties of undefined (reading 'type')
2024-04-28T13:00:29.172Z - GPS with provided IMEI exists, forwarding to Laravel
2024-04-28T13:00:29.173Z - filtereddata is not defined
2024-04-28T13:03:00.715Z - Cannot read properties of undefined (reading 'protocol')
2024-04-28T13:03:00.719Z - GPS with provided IMEI exists, forwarding to Laravel
2024-04-28T13:03:00.720Z - filtereddata is not defined
2024-04-28T13:05:28.353Z - Cannot read properties of undefined (reading 'protocol')
2024-04-28T13:06:36.808Z - GPS with provided IMEI exists, forwarding to Laravel
2024-04-28T13:06:36.809Z - filtereddata is not defined
2024-04-28T13:07:37.296Z - Cannot read properties of undefined (reading 'protocol')
2024-04-28T13:11:07.472Z - Cannot read properties of undefined (reading 'type')
2024-04-28T13:11:07.476Z - Cannot read properties of undefined (reading 'type')
2024-04-28T13:11:07.484Z - Cannot read properties of undefined (reading 'type')
2024-04-28T13:11:07.486Z - Cannot read properties of undefined (reading 'type')
2024-04-28T13:11:07.496Z - Cannot read properties of undefined (reading 'type')
2024-04-28T13:11:07.497Z - GPS with provided IMEI exists, forwarding to Laravel
2024-04-28T13:11:07.498Z - filtereddata is not defined
2024-04-28T13:13:28.888Z - Cannot read properties of undefined (reading 'protocol')
2024-04-28T13:14:37.521Z - GPS with provided IMEI exists, forwarding to Laravel
2024-04-28T13:14:37.522Z - filtereddata is not defined
2024-04-28T13:15:38.071Z - Cannot read properties of undefined (reading 'protocol')
2024-04-28T13:16:46.147Z - GPS with provided IMEI exists, forwarding to Laravel
2024-04-28T13:16:46.148Z - filtereddata is not defined
2024-04-28T13:17:50.183Z - Cannot read properties of undefined (reading 'protocol')
2024-04-28T13:21:02.282Z - GPS with provided IMEI exists, forwarding to Laravel
2024-04-28T13:21:02.284Z - filtereddata is not defined
2024-04-28T13:23:29.948Z - Cannot read properties of undefined (reading 'protocol')
2024-04-28T13:24:30.914Z - GPS with provided IMEI exists, forwarding to Laravel
2024-04-28T13:24:30.915Z - filtereddata is not defined
2024-04-28T13:25:32.859Z - Cannot read properties of undefined (reading 'protocol')
2024-04-28T13:27:49.124Z - GPS with provided IMEI exists, forwarding to Laravel
2024-04-28T13:27:49.125Z - filtereddata is not defined
2024-04-28T13:29:03.232Z - Cannot read properties of undefined (reading 'protocol')
2024-04-28T13:29:03.236Z - GPS with provided IMEI exists, forwarding to Laravel
2024-04-28T13:29:03.236Z - filtereddata is not defined
2024-04-28T13:31:31.920Z - Cannot read properties of undefined (reading 'protocol')
2024-04-28T13:32:39.769Z - GPS with provided IMEI exists, forwarding to Laravel
2024-04-28T13:32:39.770Z - filtereddata is not defined
2024-04-28T13:32:39.773Z - Cannot read properties of undefined (reading 'protocol')
2024-04-28T13:32:39.778Z - GPS with provided IMEI exists, forwarding to Laravel
2024-04-28T13:32:39.778Z - filtereddata is not defined
2024-04-28T13:33:51.817Z - Cannot read properties of undefined (reading 'protocol')
2024-04-28T13:35:10.228Z - Cannot read properties of undefined (reading 'type')
2024-04-28T13:35:10.232Z - Cannot read properties of undefined (reading 'type')
2024-04-28T13:35:10.233Z - Cannot read properties of undefined (reading 'type')
2024-04-28T13:35:10.235Z - Cannot read properties of undefined (reading 'type')
2024-04-28T13:35:10.237Z - Cannot read properties of undefined (reading 'type')
2024-04-28T13:35:10.240Z - GPS with provided IMEI exists, forwarding to Laravel
2024-04-28T13:35:10.240Z - filtereddata is not defined
2024-04-28T13:37:31.507Z - Cannot read properties of undefined (reading 'protocol')
2024-04-28T13:38:32.456Z - GPS with provided IMEI exists, forwarding to Laravel
2024-04-28T13:38:32.458Z - filtereddata is not defined
2024-04-28T13:39:34.441Z - Cannot read properties of undefined (reading 'protocol')
2024-04-28T13:43:05.324Z - GPS with provided IMEI exists, forwarding to Laravel
2024-04-28T13:43:05.326Z - filtereddata is not defined
2024-04-28T13:45:32.317Z - Cannot read properties of undefined (reading 'protocol')
2024-04-28T13:46:41.009Z - GPS with provided IMEI exists, forwarding to Laravel
2024-04-28T13:46:41.010Z - filtereddata is not defined
2024-04-28T13:47:40.992Z - Cannot read properties of undefined (reading 'protocol')
2024-04-28T13:48:49.574Z - GPS with provided IMEI exists, forwarding to Laravel
2024-04-28T13:48:49.575Z - filtereddata is not defined
2024-04-28T13:49:53.569Z - Cannot read properties of undefined (reading 'protocol')
2024-04-28T13:54:34.197Z - GPS with provided IMEI exists, forwarding to Laravel
2024-04-28T13:54:34.199Z - filtereddata is not defined
2024-04-28T13:55:33.835Z - Cannot read properties of undefined (reading 'protocol')
2024-04-28T13:56:34.748Z - GPS with provided IMEI exists, forwarding to Laravel
2024-04-28T13:56:34.749Z - filtereddata is not defined
2024-04-28T13:57:36.854Z - Cannot read properties of undefined (reading 'protocol')
2024-04-28T13:59:06.944Z - GPS with provided IMEI exists, forwarding to Laravel
2024-04-28T13:59:06.945Z - filtereddata is not defined
2024-04-28T14:01:34.034Z - Cannot read properties of undefined (reading 'protocol')
2024-04-28T14:07:07.705Z - GPS with provided IMEI exists, forwarding to Laravel
2024-04-28T14:07:07.706Z - filtereddata is not defined
2024-04-28T14:09:34.849Z - Cannot read properties of undefined (reading 'protocol')
2024-04-28T14:13:07.903Z - GPS with provided IMEI exists, forwarding to Laravel
2024-04-28T14:13:07.905Z - filtereddata is not defined
2024-04-28T14:16:44.871Z - Cannot read properties of undefined (reading 'protocol')
2024-04-28T14:16:44.874Z - GPS with provided IMEI exists, forwarding to Laravel
2024-04-28T14:16:44.875Z - filtereddata is not defined
2024-04-28T14:17:56.555Z - Cannot read properties of undefined (reading 'protocol')
2024-04-28T14:19:33.440Z - GPS with provided IMEI exists, forwarding to Laravel
2024-04-28T14:19:33.441Z - filtereddata is not defined
2024-04-28T14:21:57.531Z - Cannot read properties of undefined (reading 'protocol')
2024-04-28T14:23:00.698Z - GPS with provided IMEI exists, forwarding to Laravel
2024-04-28T14:23:00.699Z - filtereddata is not defined
2024-04-28T14:25:36.984Z - Cannot read properties of undefined (reading 'protocol')
2024-04-28T14:26:45.573Z - GPS with provided IMEI exists, forwarding to Laravel
2024-04-28T14:26:45.575Z - filtereddata is not defined
2024-04-28T14:27:46.705Z - Cannot read properties of undefined (reading 'protocol')
2024-04-28T14:31:28.349Z - Cannot read properties of undefined (reading 'type')
2024-04-28T14:31:28.353Z - Cannot read properties of undefined (reading 'type')
2024-04-28T14:31:28.357Z - Cannot read properties of undefined (reading 'type')
2024-04-28T14:31:28.360Z - Cannot read properties of undefined (reading 'type')
2024-04-28T14:31:28.362Z - Cannot read properties of undefined (reading 'type')
2024-04-28T14:31:28.364Z - GPS with provided IMEI exists, forwarding to Laravel
2024-04-28T14:31:28.365Z - filtereddata is not defined
2024-04-28T14:33:54.454Z - Cannot read properties of undefined (reading 'protocol')
2024-04-28T14:35:03.684Z - GPS with provided IMEI exists, forwarding to Laravel
2024-04-28T14:35:03.685Z - filtereddata is not defined
2024-04-28T14:36:15.724Z - Cannot read properties of undefined (reading 'protocol')
2024-04-28T14:37:33.775Z - Cannot read properties of undefined (reading 'type')
2024-04-28T14:37:33.779Z - Cannot read properties of undefined (reading 'type')
2024-04-28T14:37:33.780Z - Cannot read properties of undefined (reading 'type')
2024-04-28T14:37:33.784Z - Cannot read properties of undefined (reading 'type')
2024-04-28T14:37:33.786Z - Cannot read properties of undefined (reading 'type')
2024-04-28T14:37:33.788Z - GPS with provided IMEI exists, forwarding to Laravel
2024-04-28T14:37:33.789Z - filtereddata is not defined
2024-04-28T14:39:55.409Z - Cannot read properties of undefined (reading 'protocol')
2024-04-28T14:40:56.289Z - GPS with provided IMEI exists, forwarding to Laravel
2024-04-28T14:40:56.291Z - filtereddata is not defined
2024-04-28T14:41:58.090Z - Cannot read properties of undefined (reading 'protocol')
2024-04-28T14:43:16.205Z - Cannot read properties of undefined (reading 'type')
2024-04-28T14:43:16.209Z - Cannot read properties of undefined (reading 'type')
2024-04-28T14:43:16.211Z - Cannot read properties of undefined (reading 'type')
2024-04-28T14:43:16.215Z - Cannot read properties of undefined (reading 'type')
2024-04-28T14:43:16.237Z - Cannot read properties of undefined (reading 'type')
2024-04-28T14:43:16.238Z - GPS with provided IMEI exists, forwarding to Laravel
2024-04-28T14:43:16.239Z - filtereddata is not defined
2024-04-28T14:44:16.629Z - Cannot read properties of undefined (reading 'protocol')
2024-04-28T14:47:29.060Z - GPS with provided IMEI exists, forwarding to Laravel
2024-04-28T14:47:29.061Z - filtereddata is not defined
2024-04-28T14:49:56.117Z - Cannot read properties of undefined (reading 'protocol')
2024-04-28T14:57:29.906Z - GPS with provided IMEI exists, forwarding to Laravel
2024-04-28T14:57:29.907Z - filtereddata is not defined
2024-04-28T14:59:57.191Z - Cannot read properties of undefined (reading 'protocol')
2024-04-28T15:01:06.133Z - GPS with provided IMEI exists, forwarding to Laravel
2024-04-28T15:01:06.134Z - filtereddata is not defined
2024-04-28T15:03:30.234Z - Cannot read properties of undefined (reading 'protocol')
2024-04-28T15:03:30.237Z - GPS with provided IMEI exists, forwarding to Laravel
2024-04-28T15:03:30.238Z - filtereddata is not defined
2024-04-28T15:05:57.817Z - Cannot read properties of undefined (reading 'protocol')
2024-04-28T15:09:07.313Z - Cannot read properties of undefined (reading 'type')
2024-04-28T15:09:07.317Z - Cannot read properties of undefined (reading 'type')
2024-04-28T15:09:07.319Z - Cannot read properties of undefined (reading 'type')
2024-04-28T15:09:07.323Z - Cannot read properties of undefined (reading 'type')
2024-04-28T15:09:07.326Z - Cannot read properties of undefined (reading 'type')
2024-04-28T15:09:07.327Z - GPS with provided IMEI exists, forwarding to Laravel
2024-04-28T15:09:07.328Z - filtereddata is not defined
2024-04-28T15:10:19.333Z - Cannot read properties of undefined (reading 'protocol')
2024-04-28T15:11:37.382Z - Cannot read properties of undefined (reading 'type')
2024-04-28T15:11:37.386Z - Cannot read properties of undefined (reading 'type')
2024-04-28T15:11:37.391Z - Cannot read properties of undefined (reading 'type')
2024-04-28T15:11:37.392Z - Cannot read properties of undefined (reading 'type')
2024-04-28T15:11:37.395Z - Cannot read properties of undefined (reading 'type')
2024-04-28T15:11:37.406Z - GPS with provided IMEI exists, forwarding to Laravel
2024-04-28T15:11:37.407Z - filtereddata is not defined
2024-04-28T15:13:58.676Z - Cannot read properties of undefined (reading 'protocol')
2024-04-28T15:21:17.639Z - Cannot read properties of undefined (reading 'type')
2024-04-28T15:21:17.645Z - Cannot read properties of undefined (reading 'type')
2024-04-28T15:21:17.663Z - Cannot read properties of undefined (reading 'type')
2024-04-28T15:21:17.665Z - Cannot read properties of undefined (reading 'type')
2024-04-28T15:21:17.669Z - GPS with provided IMEI exists, forwarding to Laravel
2024-04-28T15:21:17.670Z - filtereddata is not defined
2024-04-28T15:21:17.675Z - Cannot read properties of undefined (reading 'type')
2024-04-28T15:22:20.691Z - Cannot read properties of undefined (reading 'protocol')
2024-04-28T15:23:54.377Z - Cannot read properties of undefined (reading 'type')
2024-04-28T15:23:54.381Z - Cannot read properties of undefined (reading 'type')
2024-04-28T15:23:54.417Z - Cannot read properties of undefined (reading 'type')
2024-04-28T15:23:54.419Z - Cannot read properties of undefined (reading 'type')
2024-04-28T15:23:54.421Z - Cannot read properties of undefined (reading 'type')
2024-04-28T15:23:54.422Z - GPS with provided IMEI exists, forwarding to Laravel
2024-04-28T15:23:54.422Z - filtereddata is not defined
2024-04-28T15:25:32.936Z - Cannot read properties of undefined (reading 'protocol')
2024-04-28T15:25:32.942Z - GPS with provided IMEI exists, forwarding to Laravel
2024-04-28T15:25:32.942Z - filtereddata is not defined
2024-04-28T15:28:00.155Z - Cannot read properties of undefined (reading 'protocol')
2024-04-28T15:33:33.580Z - GPS with provided IMEI exists, forwarding to Laravel
2024-04-28T15:33:33.581Z - filtereddata is not defined
2024-04-28T15:36:01.028Z - Cannot read properties of undefined (reading 'protocol')
2024-04-28T15:41:20.677Z - Cannot read properties of undefined (reading 'type')
2024-04-28T15:41:20.686Z - Cannot read properties of undefined (reading 'type')
2024-04-28T15:41:20.688Z - Cannot read properties of undefined (reading 'type')
2024-04-28T15:41:20.692Z - Cannot read properties of undefined (reading 'type')
2024-04-28T15:41:20.696Z - Cannot read properties of undefined (reading 'type')
2024-04-28T15:41:20.697Z - GPS with provided IMEI exists, forwarding to Laravel
2024-04-28T15:41:20.698Z - filtereddata is not defined
2024-04-28T15:42:22.370Z - Cannot read properties of undefined (reading 'protocol')
2024-04-28T15:43:40.396Z - Cannot read properties of undefined (reading 'type')
2024-04-28T15:43:40.399Z - Cannot read properties of undefined (reading 'type')
2024-04-28T15:43:40.406Z - Cannot read properties of undefined (reading 'type')
2024-04-28T15:43:40.407Z - Cannot read properties of undefined (reading 'type')
2024-04-28T15:43:40.409Z - Cannot read properties of undefined (reading 'type')
2024-04-28T15:43:40.410Z - GPS with provided IMEI exists, forwarding to Laravel
2024-04-28T15:43:40.411Z - filtereddata is not defined
2024-04-28T15:46:02.301Z - Cannot read properties of undefined (reading 'protocol')
2024-04-28T15:49:41.586Z - Cannot read properties of undefined (reading 'type')
2024-04-28T15:49:41.590Z - Cannot read properties of undefined (reading 'type')
2024-04-28T15:49:41.592Z - Cannot read properties of undefined (reading 'type')
2024-04-28T15:49:41.595Z - Cannot read properties of undefined (reading 'type')
2024-04-28T15:49:41.597Z - Cannot read properties of undefined (reading 'type')
2024-04-28T15:49:41.599Z - GPS with provided IMEI exists, forwarding to Laravel
2024-04-28T15:49:41.599Z - filtereddata is not defined
2024-04-28T15:52:02.695Z - Cannot read properties of undefined (reading 'protocol')
2024-04-28T16:05:43.071Z - Cannot read properties of undefined (reading 'type')
2024-04-28T16:05:43.075Z - Cannot read properties of undefined (reading 'type')
2024-04-28T16:05:43.087Z - Cannot read properties of undefined (reading 'type')
2024-04-28T16:05:43.090Z - Cannot read properties of undefined (reading 'type')
2024-04-28T16:05:43.092Z - Cannot read properties of undefined (reading 'type')
2024-04-28T16:05:43.095Z - GPS with provided IMEI exists, forwarding to Laravel
2024-04-28T16:05:43.095Z - filtereddata is not defined
2024-04-28T16:10:04.974Z - Cannot read properties of undefined (reading 'protocol')
2024-04-28T16:13:37.630Z - GPS with provided IMEI exists, forwarding to Laravel
2024-04-28T16:13:37.632Z - filtereddata is not defined
2024-04-28T16:19:38.232Z - Cannot read properties of undefined (reading 'protocol')
2024-04-28T16:19:38.236Z - GPS with provided IMEI exists, forwarding to Laravel
2024-04-28T16:19:38.236Z - filtereddata is not defined
2024-04-28T16:22:05.884Z - Cannot read properties of undefined (reading 'protocol')
2024-04-28T16:23:06.820Z - GPS with provided IMEI exists, forwarding to Laravel
2024-04-28T16:23:06.821Z - filtereddata is not defined
2024-04-28T16:24:08.810Z - Cannot read properties of undefined (reading 'protocol')
2024-04-28T16:27:39.321Z - GPS with provided IMEI exists, forwarding to Laravel
2024-04-28T16:27:39.323Z - filtereddata is not defined
2024-04-28T16:30:06.758Z - Cannot read properties of undefined (reading 'protocol')
2024-04-28T16:35:40.330Z - GPS with provided IMEI exists, forwarding to Laravel
2024-04-28T16:35:40.332Z - filtereddata is not defined
2024-04-28T16:38:07.532Z - Cannot read properties of undefined (reading 'protocol')
2024-04-28T16:41:40.809Z - GPS with provided IMEI exists, forwarding to Laravel
2024-04-28T16:41:40.813Z - filtereddata is not defined
2024-04-28T16:44:08.395Z - Cannot read properties of undefined (reading 'protocol')
2024-04-28T17:19:50.634Z - Cannot read properties of undefined (reading 'type')
2024-04-28T17:19:50.638Z - Cannot read properties of undefined (reading 'type')
2024-04-28T17:19:50.643Z - Cannot read properties of undefined (reading 'type')
2024-04-28T17:19:50.645Z - Cannot read properties of undefined (reading 'type')
2024-04-28T17:19:50.648Z - Cannot read properties of undefined (reading 'type')
2024-04-28T17:19:50.650Z - GPS with provided IMEI exists, forwarding to Laravel
2024-04-28T17:19:50.650Z - filtereddata is not defined
2024-04-28T17:22:12.139Z - Cannot read properties of undefined (reading 'protocol')
2024-04-28T17:25:51.198Z - Cannot read properties of undefined (reading 'type')
2024-04-28T17:25:51.202Z - Cannot read properties of undefined (reading 'type')
2024-04-28T17:25:51.204Z - Cannot read properties of undefined (reading 'type')
2024-04-28T17:25:51.208Z - Cannot read properties of undefined (reading 'type')
2024-04-28T17:25:51.210Z - Cannot read properties of undefined (reading 'type')
2024-04-28T17:25:51.211Z - GPS with provided IMEI exists, forwarding to Laravel
2024-04-28T17:25:51.211Z - filtereddata is not defined
2024-04-28T17:28:12.761Z - Cannot read properties of undefined (reading 'protocol')
2024-04-28T17:32:01.238Z - GPS with provided IMEI exists, forwarding to Laravel
2024-04-28T17:32:01.239Z - filtereddata is not defined
2024-04-28T17:34:31.317Z - Cannot read properties of undefined (reading 'protocol')
2024-04-28T17:35:49.431Z - Cannot read properties of undefined (reading 'type')
2024-04-28T17:35:49.436Z - Cannot read properties of undefined (reading 'type')
2024-04-28T17:35:49.441Z - Cannot read properties of undefined (reading 'type')
2024-04-28T17:35:49.445Z - Cannot read properties of undefined (reading 'type')
2024-04-28T17:35:49.446Z - Cannot read properties of undefined (reading 'type')
2024-04-28T17:35:49.460Z - GPS with provided IMEI exists, forwarding to Laravel
2024-04-28T17:35:49.460Z - filtereddata is not defined
2024-04-28T17:36:52.159Z - Cannot read properties of undefined (reading 'protocol')
2024-04-28T17:41:39.796Z - GPS with provided IMEI exists, forwarding to Laravel
2024-04-28T17:41:39.798Z - filtereddata is not defined
2024-04-28T17:42:40.266Z - Cannot read properties of undefined (reading 'protocol')
2024-04-28T17:54:06.169Z - GPS with provided IMEI exists, forwarding to Laravel
2024-04-28T17:54:06.170Z - filtereddata is not defined
2024-04-28T17:58:41.773Z - Cannot read properties of undefined (reading 'protocol')
2024-04-28T17:59:59.863Z - Cannot read properties of undefined (reading 'type')
2024-04-28T17:59:59.869Z - Cannot read properties of undefined (reading 'type')
2024-04-28T17:59:59.881Z - Cannot read properties of undefined (reading 'type')
2024-04-28T17:59:59.883Z - Cannot read properties of undefined (reading 'type')
2024-04-28T17:59:59.885Z - Cannot read properties of undefined (reading 'type')
2024-04-28T17:59:59.889Z - GPS with provided IMEI exists, forwarding to Laravel
2024-04-28T17:59:59.890Z - filtereddata is not defined
2024-04-28T18:02:33.531Z - Cannot read properties of undefined (reading 'protocol')
2024-04-28T18:03:42.262Z - GPS with provided IMEI exists, forwarding to Laravel
2024-04-28T18:03:42.264Z - filtereddata is not defined
2024-04-28T18:04:42.722Z - Cannot read properties of undefined (reading 'protocol')
2024-04-28T18:09:43.018Z - GPS with provided IMEI exists, forwarding to Laravel
2024-04-28T18:09:43.020Z - filtereddata is not defined
2024-04-28T18:10:43.126Z - Cannot read properties of undefined (reading 'protocol')
2024-04-28T18:17:43.915Z - GPS with provided IMEI exists, forwarding to Laravel
2024-04-28T18:17:43.917Z - filtereddata is not defined
2024-04-28T18:18:43.875Z - Cannot read properties of undefined (reading 'protocol')
2024-04-28T18:25:37.133Z - GPS with provided IMEI exists, forwarding to Laravel
2024-04-28T18:25:37.134Z - filtereddata is not defined
2024-04-28T18:26:38.833Z - Cannot read properties of undefined (reading 'protocol')
2024-04-28T18:27:56.933Z - Cannot read properties of undefined (reading 'type')
2024-04-28T18:27:56.937Z - Cannot read properties of undefined (reading 'type')
2024-04-28T18:27:56.941Z - Cannot read properties of undefined (reading 'type')
2024-04-28T18:27:56.943Z - Cannot read properties of undefined (reading 'type')
2024-04-28T18:27:56.946Z - Cannot read properties of undefined (reading 'type')
2024-04-28T18:27:56.947Z - GPS with provided IMEI exists, forwarding to Laravel
2024-04-28T18:27:56.947Z - filtereddata is not defined
2024-04-28T18:28:56.951Z - Cannot read properties of undefined (reading 'protocol')
2024-04-28T18:30:15.374Z - Cannot read properties of undefined (reading 'type')
2024-04-28T18:30:15.378Z - Cannot read properties of undefined (reading 'type')
2024-04-28T18:30:15.382Z - Cannot read properties of undefined (reading 'type')
2024-04-28T18:30:15.384Z - Cannot read properties of undefined (reading 'type')
2024-04-28T18:30:15.386Z - Cannot read properties of undefined (reading 'type')
2024-04-28T18:30:15.387Z - GPS with provided IMEI exists, forwarding to Laravel
2024-04-28T18:30:15.387Z - filtereddata is not defined
2024-04-28T18:32:36.695Z - Cannot read properties of undefined (reading 'protocol')
2024-04-28T18:36:09.681Z - GPS with provided IMEI exists, forwarding to Laravel
2024-04-28T18:36:09.682Z - filtereddata is not defined
2024-04-28T18:38:37.301Z - Cannot read properties of undefined (reading 'protocol')
2024-04-28T18:39:38.242Z - GPS with provided IMEI exists, forwarding to Laravel
2024-04-28T18:39:38.244Z - filtereddata is not defined
2024-04-28T18:40:40.214Z - Cannot read properties of undefined (reading 'protocol')
2024-04-28T18:41:58.325Z - Cannot read properties of undefined (reading 'type')
2024-04-28T18:41:58.330Z - Cannot read properties of undefined (reading 'type')
2024-04-28T18:41:58.355Z - Cannot read properties of undefined (reading 'type')
2024-04-28T18:41:58.357Z - Cannot read properties of undefined (reading 'type')
2024-04-28T18:41:58.360Z - Cannot read properties of undefined (reading 'type')
2024-04-28T18:41:58.369Z - GPS with provided IMEI exists, forwarding to Laravel
2024-04-28T18:41:58.370Z - filtereddata is not defined
2024-04-28T18:44:37.914Z - Cannot read properties of undefined (reading 'protocol')
2024-04-28T18:45:47.308Z - GPS with provided IMEI exists, forwarding to Laravel
2024-04-28T18:45:47.309Z - filtereddata is not defined
2024-04-28T18:46:58.987Z - Cannot read properties of undefined (reading 'protocol')
2024-04-28T18:49:55.554Z - GPS with provided IMEI exists, forwarding to Laravel
2024-04-28T18:49:55.555Z - filtereddata is not defined
2024-04-28T18:50:59.948Z - Cannot read properties of undefined (reading 'protocol')
2024-04-28T18:52:18.147Z - Cannot read properties of undefined (reading 'type')
2024-04-28T18:52:18.151Z - Cannot read properties of undefined (reading 'type')
2024-04-28T18:52:18.154Z - Cannot read properties of undefined (reading 'type')
2024-04-28T18:52:18.158Z - Cannot read properties of undefined (reading 'type')
2024-04-28T18:52:18.161Z - Cannot read properties of undefined (reading 'type')
2024-04-28T18:52:18.162Z - GPS with provided IMEI exists, forwarding to Laravel
2024-04-28T18:52:18.163Z - filtereddata is not defined
2024-04-28T18:55:48.245Z - Cannot read properties of undefined (reading 'protocol')
2024-04-28T18:55:48.249Z - GPS with provided IMEI exists, forwarding to Laravel
2024-04-28T18:55:48.249Z - filtereddata is not defined
2024-04-28T18:57:00.288Z - Cannot read properties of undefined (reading 'protocol')
2024-04-28T19:06:13.053Z - GPS with provided IMEI exists, forwarding to Laravel
2024-04-28T19:06:13.054Z - filtereddata is not defined
2024-04-28T19:08:40.460Z - Cannot read properties of undefined (reading 'protocol')
2024-04-28T19:09:49.396Z - GPS with provided IMEI exists, forwarding to Laravel
2024-04-28T19:09:49.397Z - filtereddata is not defined
2024-04-28T19:10:49.875Z - Cannot read properties of undefined (reading 'protocol')
2024-04-28T19:14:14.082Z - GPS with provided IMEI exists, forwarding to Laravel
2024-04-28T19:14:14.083Z - filtereddata is not defined
2024-04-28T19:16:41.594Z - Cannot read properties of undefined (reading 'protocol')
2024-04-28T19:17:50.159Z - GPS with provided IMEI exists, forwarding to Laravel
2024-04-28T19:17:50.160Z - filtereddata is not defined
2024-04-28T19:19:02.646Z - Cannot read properties of undefined (reading 'protocol')
2024-04-28T19:25:51.915Z - Cannot read properties of undefined (reading 'type')
2024-04-28T19:25:51.920Z - Cannot read properties of undefined (reading 'type')
2024-04-28T19:25:51.924Z - Cannot read properties of undefined (reading 'type')
2024-04-28T19:25:51.925Z - Cannot read properties of undefined (reading 'type')
2024-04-28T19:25:51.927Z - Cannot read properties of undefined (reading 'type')
2024-04-28T19:25:51.937Z - GPS with provided IMEI exists, forwarding to Laravel
2024-04-28T19:25:51.937Z - filtereddata is not defined
2024-04-28T19:27:03.448Z - Cannot read properties of undefined (reading 'protocol')
2024-04-28T19:44:01.875Z - GPS with provided IMEI exists, forwarding to Laravel
2024-04-28T19:44:01.876Z - filtereddata is not defined
2024-04-28T19:45:05.070Z - Cannot read properties of undefined (reading 'protocol')
2024-04-28T19:48:17.243Z - GPS with provided IMEI exists, forwarding to Laravel
2024-04-28T19:48:17.244Z - filtereddata is not defined
2024-04-28T19:50:44.945Z - Cannot read properties of undefined (reading 'protocol')
2024-04-28T19:51:53.823Z - GPS with provided IMEI exists, forwarding to Laravel
2024-04-28T19:51:53.824Z - filtereddata is not defined
2024-04-28T19:52:54.310Z - Cannot read properties of undefined (reading 'protocol')
2024-04-28T19:54:12.419Z - Cannot read properties of undefined (reading 'type')
2024-04-28T19:54:12.422Z - Cannot read properties of undefined (reading 'type')
2024-04-28T19:54:12.425Z - Cannot read properties of undefined (reading 'type')
2024-04-28T19:54:12.430Z - Cannot read properties of undefined (reading 'type')
2024-04-28T19:54:12.431Z - Cannot read properties of undefined (reading 'type')
2024-04-28T19:54:12.433Z - GPS with provided IMEI exists, forwarding to Laravel
2024-04-28T19:54:12.433Z - filtereddata is not defined
2024-04-28T19:56:18.466Z - Cannot read properties of undefined (reading 'protocol')
2024-04-28T19:56:18.470Z - GPS with provided IMEI exists, forwarding to Laravel
2024-04-28T19:56:18.470Z - filtereddata is not defined
2024-04-28T19:59:54.720Z - Cannot read properties of undefined (reading 'protocol')
2024-04-28T19:59:54.724Z - GPS with provided IMEI exists, forwarding to Laravel
2024-04-28T19:59:54.724Z - filtereddata is not defined
2024-04-28T20:00:54.674Z - Cannot read properties of undefined (reading 'protocol')
2024-04-28T20:05:54.891Z - GPS with provided IMEI exists, forwarding to Laravel
2024-04-28T20:05:54.893Z - filtereddata is not defined
2024-04-28T20:07:07.371Z - Cannot read properties of undefined (reading 'protocol')
2024-04-28T20:08:25.502Z - Cannot read properties of undefined (reading 'type')
2024-04-28T20:08:25.507Z - Cannot read properties of undefined (reading 'type')
2024-04-28T20:08:25.510Z - Cannot read properties of undefined (reading 'type')
2024-04-28T20:08:25.513Z - Cannot read properties of undefined (reading 'type')
2024-04-28T20:08:25.514Z - Cannot read properties of undefined (reading 'type')
2024-04-28T20:08:25.516Z - GPS with provided IMEI exists, forwarding to Laravel
2024-04-28T20:08:25.516Z - filtereddata is not defined
2024-04-28T20:10:47.031Z - Cannot read properties of undefined (reading 'protocol')
2024-04-28T20:11:56.070Z - GPS with provided IMEI exists, forwarding to Laravel
2024-04-28T20:11:56.071Z - filtereddata is not defined
2024-04-28T20:12:56.564Z - Cannot read properties of undefined (reading 'protocol')
2024-04-28T20:49:38.459Z - Cannot read properties of undefined (reading 'type')
2024-04-28T20:49:38.468Z - Cannot read properties of undefined (reading 'type')
2024-04-28T20:49:38.470Z - Cannot read properties of undefined (reading 'type')
2024-04-28T20:49:38.474Z - Cannot read properties of undefined (reading 'type')
2024-04-28T20:49:38.476Z - Cannot read properties of undefined (reading 'type')
2024-04-28T20:49:38.477Z - GPS with provided IMEI exists, forwarding to Laravel
2024-04-28T20:49:38.477Z - filtereddata is not defined
2024-04-28T20:52:17.850Z - Cannot read properties of undefined (reading 'protocol')
2024-04-28T20:53:26.300Z - GPS with provided IMEI exists, forwarding to Laravel
2024-04-28T20:53:26.301Z - filtereddata is not defined
2024-04-28T20:54:26.774Z - Cannot read properties of undefined (reading 'protocol')
2024-04-28T20:57:57.297Z - Cannot read properties of undefined (reading 'type')
2024-04-28T20:57:57.300Z - Cannot read properties of undefined (reading 'type')
2024-04-28T20:57:57.302Z - Cannot read properties of undefined (reading 'type')
2024-04-28T20:57:57.304Z - Cannot read properties of undefined (reading 'type')
2024-04-28T20:57:57.307Z - Cannot read properties of undefined (reading 'type')
2024-04-28T20:57:57.308Z - GPS with provided IMEI exists, forwarding to Laravel
2024-04-28T20:57:57.309Z - filtereddata is not defined
2024-04-28T21:01:03.556Z - Cannot read properties of undefined (reading 'protocol')
2024-04-28T21:01:03.559Z - GPS with provided IMEI exists, forwarding to Laravel
2024-04-28T21:01:03.561Z - filtereddata is not defined
2024-04-28T21:02:18.927Z - Cannot read properties of undefined (reading 'protocol')
2024-04-28T21:05:37.691Z - Cannot read properties of undefined (reading 'type')
2024-04-28T21:05:37.705Z - Cannot read properties of undefined (reading 'type')
2024-04-28T21:05:37.709Z - Cannot read properties of undefined (reading 'type')
2024-04-28T21:05:37.714Z - Cannot read properties of undefined (reading 'type')
2024-04-28T21:05:37.717Z - Cannot read properties of undefined (reading 'type')
2024-04-28T21:05:37.719Z - GPS with provided IMEI exists, forwarding to Laravel
2024-04-28T21:05:37.720Z - filtereddata is not defined
2024-04-28T21:06:40.155Z - Cannot read properties of undefined (reading 'protocol')
2024-04-28T21:07:58.189Z - Cannot read properties of undefined (reading 'type')
2024-04-28T21:07:58.192Z - Cannot read properties of undefined (reading 'type')
2024-04-28T21:07:58.195Z - Cannot read properties of undefined (reading 'type')
2024-04-28T21:07:58.201Z - Cannot read properties of undefined (reading 'type')
2024-04-28T21:07:58.203Z - Cannot read properties of undefined (reading 'type')
2024-04-28T21:07:58.204Z - GPS with provided IMEI exists, forwarding to Laravel
2024-04-28T21:07:58.204Z - filtereddata is not defined
2024-04-28T21:10:19.766Z - Cannot read properties of undefined (reading 'protocol')
2024-04-28T21:13:30.131Z - Cannot read properties of undefined (reading 'type')
2024-04-28T21:13:30.135Z - Cannot read properties of undefined (reading 'type')
2024-04-28T21:13:30.138Z - Cannot read properties of undefined (reading 'type')
2024-04-28T21:13:30.141Z - Cannot read properties of undefined (reading 'type')
2024-04-28T21:13:30.144Z - Cannot read properties of undefined (reading 'type')
2024-04-28T21:13:30.147Z - GPS with provided IMEI exists, forwarding to Laravel
2024-04-28T21:13:30.147Z - filtereddata is not defined
2024-04-28T21:14:41.288Z - Cannot read properties of undefined (reading 'protocol')
2024-04-28T21:17:53.394Z - GPS with provided IMEI exists, forwarding to Laravel
2024-04-28T21:17:53.395Z - filtereddata is not defined
2024-04-28T21:20:21.093Z - Cannot read properties of undefined (reading 'protocol')
2024-04-28T21:25:54.311Z - GPS with provided IMEI exists, forwarding to Laravel
2024-04-28T21:25:54.312Z - filtereddata is not defined
2024-04-28T21:30:42.642Z - Cannot read properties of undefined (reading 'protocol')
2024-04-28T21:33:55.057Z - GPS with provided IMEI exists, forwarding to Laravel
2024-04-28T21:33:55.058Z - filtereddata is not defined
2024-04-28T21:36:22.506Z - Cannot read properties of undefined (reading 'protocol')
2024-04-28T21:42:01.838Z - Cannot read properties of undefined (reading 'type')
2024-04-28T21:42:01.843Z - Cannot read properties of undefined (reading 'type')
2024-04-28T21:42:01.846Z - Cannot read properties of undefined (reading 'type')
2024-04-28T21:42:01.848Z - Cannot read properties of undefined (reading 'type')
2024-04-28T21:42:01.850Z - Cannot read properties of undefined (reading 'type')
2024-04-28T21:42:01.852Z - GPS with provided IMEI exists, forwarding to Laravel
2024-04-28T21:42:01.853Z - filtereddata is not defined
2024-04-28T21:45:07.977Z - Cannot read properties of undefined (reading 'protocol')
2024-04-28T21:45:07.980Z - GPS with provided IMEI exists, forwarding to Laravel
2024-04-28T21:45:07.981Z - filtereddata is not defined
2024-04-28T21:46:23.560Z - Cannot read properties of undefined (reading 'protocol')
2024-04-28T21:49:50.829Z - Cannot read properties of undefined (reading 'type')
2024-04-28T21:49:50.834Z - Cannot read properties of undefined (reading 'type')
2024-04-28T21:49:50.841Z - Cannot read properties of undefined (reading 'type')
2024-04-28T21:49:50.845Z - Cannot read properties of undefined (reading 'type')
2024-04-28T21:49:50.847Z - Cannot read properties of undefined (reading 'type')
2024-04-28T21:49:50.849Z - GPS with provided IMEI exists, forwarding to Laravel
2024-04-28T21:49:50.849Z - filtereddata is not defined
2024-04-28T21:53:09.510Z - Cannot read properties of undefined (reading 'protocol')
2024-04-28T21:53:09.514Z - GPS with provided IMEI exists, forwarding to Laravel
2024-04-28T21:53:09.514Z - filtereddata is not defined
2024-04-28T21:54:24.400Z - Cannot read properties of undefined (reading 'protocol')
2024-04-28T21:55:42.773Z - Cannot read properties of undefined (reading 'type')
2024-04-28T21:55:42.778Z - Cannot read properties of undefined (reading 'type')
2024-04-28T21:55:42.781Z - Cannot read properties of undefined (reading 'type')
2024-04-28T21:55:42.783Z - Cannot read properties of undefined (reading 'type')
2024-04-28T21:55:42.790Z - Cannot read properties of undefined (reading 'type')
2024-04-28T21:55:42.792Z - GPS with provided IMEI exists, forwarding to Laravel
2024-04-28T21:55:42.792Z - filtereddata is not defined
2024-04-28T21:56:45.415Z - Cannot read properties of undefined (reading 'protocol')
2024-04-28T21:59:57.873Z - GPS with provided IMEI exists, forwarding to Laravel
2024-04-28T21:59:57.875Z - filtereddata is not defined
2024-04-28T22:02:25.222Z - Cannot read properties of undefined (reading 'protocol')
2024-04-28T22:07:58.662Z - GPS with provided IMEI exists, forwarding to Laravel
2024-04-28T22:07:58.664Z - filtereddata is not defined
2024-04-28T22:10:26.095Z - Cannot read properties of undefined (reading 'protocol')
2024-04-28T22:13:36.122Z - Cannot read properties of undefined (reading 'type')
2024-04-28T22:13:36.126Z - Cannot read properties of undefined (reading 'type')
2024-04-28T22:13:36.132Z - Cannot read properties of undefined (reading 'type')
2024-04-28T22:13:36.135Z - Cannot read properties of undefined (reading 'type')
2024-04-28T22:13:36.138Z - Cannot read properties of undefined (reading 'type')
2024-04-28T22:13:36.144Z - GPS with provided IMEI exists, forwarding to Laravel
2024-04-28T22:13:36.144Z - filtereddata is not defined
2024-04-28T22:15:59.173Z - Cannot read properties of undefined (reading 'protocol')
2024-04-28T22:15:59.176Z - GPS with provided IMEI exists, forwarding to Laravel
2024-04-28T22:15:59.176Z - filtereddata is not defined
2024-04-28T22:18:27.127Z - Cannot read properties of undefined (reading 'protocol')
2024-04-28T22:22:10.486Z - Cannot read properties of undefined (reading 'type')
2024-04-28T22:22:10.490Z - Cannot read properties of undefined (reading 'type')
2024-04-28T22:22:10.491Z - Cannot read properties of undefined (reading 'type')
2024-04-28T22:22:10.495Z - Cannot read properties of undefined (reading 'type')
2024-04-28T22:22:10.497Z - Cannot read properties of undefined (reading 'type')
2024-04-28T22:22:10.498Z - GPS with provided IMEI exists, forwarding to Laravel
2024-04-28T22:22:10.499Z - filtereddata is not defined
2024-04-28T22:23:12.384Z - Cannot read properties of undefined (reading 'protocol')
2024-04-28T22:23:12.387Z - GPS with provided IMEI exists, forwarding to Laravel
2024-04-28T22:23:12.388Z - filtereddata is not defined
2024-04-28T22:28:28.284Z - Cannot read properties of undefined (reading 'protocol')
2024-04-28T22:29:36.780Z - GPS with provided IMEI exists, forwarding to Laravel
2024-04-28T22:29:36.781Z - filtereddata is not defined
2024-04-28T22:32:00.840Z - Cannot read properties of undefined (reading 'protocol')
2024-04-28T22:32:00.844Z - GPS with provided IMEI exists, forwarding to Laravel
2024-04-28T22:32:00.844Z - filtereddata is not defined
2024-04-28T22:34:28.629Z - Cannot read properties of undefined (reading 'protocol')
2024-04-28T22:35:37.557Z - GPS with provided IMEI exists, forwarding to Laravel
2024-04-28T22:35:37.558Z - filtereddata is not defined
2024-04-28T22:36:49.600Z - Cannot read properties of undefined (reading 'protocol')
2024-04-28T22:41:37.749Z - GPS with provided IMEI exists, forwarding to Laravel
2024-04-28T22:41:37.750Z - filtereddata is not defined
2024-04-28T22:42:38.229Z - Cannot read properties of undefined (reading 'protocol')
2024-04-28T22:45:48.405Z - Cannot read properties of undefined (reading 'type')
2024-04-28T22:45:48.423Z - Cannot read properties of undefined (reading 'type')
2024-04-28T22:45:48.426Z - Cannot read properties of undefined (reading 'type')
2024-04-28T22:45:48.428Z - Cannot read properties of undefined (reading 'type')
2024-04-28T22:45:48.429Z - Cannot read properties of undefined (reading 'type')
2024-04-28T22:45:48.431Z - GPS with provided IMEI exists, forwarding to Laravel
2024-04-28T22:45:48.432Z - filtereddata is not defined
2024-04-28T22:46:50.902Z - Cannot read properties of undefined (reading 'protocol')
2024-04-28T22:50:03.009Z - GPS with provided IMEI exists, forwarding to Laravel
2024-04-28T22:50:03.011Z - filtereddata is not defined
2024-04-28T22:52:30.471Z - Cannot read properties of undefined (reading 'protocol')
2024-04-28T22:55:40.040Z - Cannot read properties of undefined (reading 'type')
2024-04-28T22:55:40.044Z - Cannot read properties of undefined (reading 'type')
2024-04-28T22:55:40.045Z - Cannot read properties of undefined (reading 'type')
2024-04-28T22:55:40.048Z - Cannot read properties of undefined (reading 'type')
2024-04-28T22:55:40.052Z - Cannot read properties of undefined (reading 'type')
2024-04-28T22:55:40.054Z - GPS with provided IMEI exists, forwarding to Laravel
2024-04-28T22:55:40.054Z - filtereddata is not defined
2024-04-28T22:56:51.904Z - Cannot read properties of undefined (reading 'protocol')
2024-04-28T22:58:10.148Z - Cannot read properties of undefined (reading 'type')
2024-04-28T22:58:10.151Z - Cannot read properties of undefined (reading 'type')
2024-04-28T22:58:10.155Z - Cannot read properties of undefined (reading 'type')
2024-04-28T22:58:10.157Z - Cannot read properties of undefined (reading 'type')
2024-04-28T22:58:10.159Z - Cannot read properties of undefined (reading 'type')
2024-04-28T22:58:10.163Z - GPS with provided IMEI exists, forwarding to Laravel
2024-04-28T22:58:10.163Z - filtereddata is not defined
2024-04-28T23:00:31.373Z - Cannot read properties of undefined (reading 'protocol')
2024-04-28T23:01:40.395Z - GPS with provided IMEI exists, forwarding to Laravel
2024-04-28T23:01:40.396Z - filtereddata is not defined
2024-04-28T23:02:52.567Z - Cannot read properties of undefined (reading 'protocol')
2024-04-28T23:07:40.729Z - GPS with provided IMEI exists, forwarding to Laravel
2024-04-28T23:07:40.730Z - filtereddata is not defined
2024-04-28T23:08:52.692Z - Cannot read properties of undefined (reading 'protocol')
2024-04-28T23:12:05.357Z - GPS with provided IMEI exists, forwarding to Laravel
2024-04-28T23:12:05.358Z - filtereddata is not defined
2024-04-28T23:14:32.813Z - Cannot read properties of undefined (reading 'protocol')
2024-04-28T23:20:12.330Z - Cannot read properties of undefined (reading 'type')
2024-04-28T23:20:12.340Z - Cannot read properties of undefined (reading 'type')
2024-04-28T23:20:12.341Z - Cannot read properties of undefined (reading 'type')
2024-04-28T23:20:12.343Z - Cannot read properties of undefined (reading 'type')
2024-04-28T23:20:12.346Z - Cannot read properties of undefined (reading 'type')
2024-04-28T23:20:12.348Z - GPS with provided IMEI exists, forwarding to Laravel
2024-04-28T23:20:12.349Z - filtereddata is not defined
2024-04-28T23:23:42.610Z - Cannot read properties of undefined (reading 'protocol')
2024-04-28T23:23:42.613Z - GPS with provided IMEI exists, forwarding to Laravel
2024-04-28T23:23:42.614Z - filtereddata is not defined
2024-04-28T23:24:54.631Z - Cannot read properties of undefined (reading 'protocol')
2024-04-28T23:31:43.337Z - GPS with provided IMEI exists, forwarding to Laravel
2024-04-28T23:31:43.338Z - filtereddata is not defined
2024-04-28T23:32:43.813Z - Cannot read properties of undefined (reading 'protocol')
2024-04-28T23:36:13.985Z - Cannot read properties of undefined (reading 'type')
2024-04-28T23:36:13.989Z - Cannot read properties of undefined (reading 'type')
2024-04-28T23:36:13.993Z - Cannot read properties of undefined (reading 'type')
2024-04-28T23:36:13.994Z - Cannot read properties of undefined (reading 'type')
2024-04-28T23:36:13.997Z - Cannot read properties of undefined (reading 'type')
2024-04-28T23:36:13.999Z - GPS with provided IMEI exists, forwarding to Laravel
2024-04-28T23:36:13.999Z - filtereddata is not defined
2024-04-28T23:40:35.911Z - Cannot read properties of undefined (reading 'protocol')
2024-04-28T23:41:44.334Z - GPS with provided IMEI exists, forwarding to Laravel
2024-04-28T23:41:44.335Z - filtereddata is not defined
2024-04-28T23:42:46.302Z - Cannot read properties of undefined (reading 'protocol')
2024-04-28T23:48:33.470Z - Cannot read properties of undefined (reading 'type')
2024-04-28T23:48:33.475Z - Cannot read properties of undefined (reading 'type')
2024-04-28T23:48:33.477Z - Cannot read properties of undefined (reading 'type')
2024-04-28T23:48:33.480Z - Cannot read properties of undefined (reading 'type')
2024-04-28T23:48:33.482Z - Cannot read properties of undefined (reading 'type')
2024-04-28T23:48:33.483Z - GPS with provided IMEI exists, forwarding to Laravel
2024-04-28T23:48:33.484Z - filtereddata is not defined
2024-04-28T23:50:54.157Z - Cannot read properties of undefined (reading 'protocol')
2024-04-28T23:56:27.241Z - GPS with provided IMEI exists, forwarding to Laravel
2024-04-28T23:56:27.242Z - filtereddata is not defined
2024-04-28T23:58:54.997Z - Cannot read properties of undefined (reading 'protocol')
